Mar-14 17:41:21.315 [main] DEBUG nextflow.cli.Launcher - $> nextflow run main.nf -resume
Mar-14 17:41:21.577 [main] DEBUG nextflow.cli.CmdRun - N E X T F L O W  ~  version 24.10.4
Mar-14 17:41:21.591 [main] DEBUG nextflow.plugin.PluginsFacade - Setting up plugin manager > mode=prod; embedded=false; plugins-dir=/home/gmillot/.nextflow/plugins; core-plugins: nf-amazon@2.9.2,nf-azure@1.10.2,nf-cloudcache@0.4.2,nf-codecommit@0.2.2,nf-console@1.1.4,nf-google@1.15.3,nf-tower@1.9.3,nf-wave@1.7.4
Mar-14 17:41:21.617 [main] INFO  o.pf4j.DefaultPluginStatusProvider - Enabled plugins: []
Mar-14 17:41:21.620 [main] INFO  o.pf4j.DefaultPluginStatusProvider - Disabled plugins: []
Mar-14 17:41:21.623 [main] INFO  org.pf4j.DefaultPluginManager - PF4J version 3.12.0 in 'deployment' mode
Mar-14 17:41:21.653 [main] INFO  org.pf4j.AbstractPluginManager - No plugins
Mar-14 17:41:21.673 [main] DEBUG nextflow.config.ConfigBuilder - Found config local: /mnt/c/Users/gmillot/Documents/Git_projects/repertoire_profiler/nextflow.config
Mar-14 17:41:21.674 [main] DEBUG nextflow.config.ConfigBuilder - Parsing config file: /mnt/c/Users/gmillot/Documents/Git_projects/repertoire_profiler/nextflow.config
Mar-14 17:41:21.701 [main] DEBUG n.secret.LocalSecretsProvider - Secrets store: /home/gmillot/.nextflow/secrets/store.json
Mar-14 17:41:21.704 [main] DEBUG nextflow.secret.SecretsLoader - Discovered secrets providers: [nextflow.secret.LocalSecretsProvider@54562ea6] - activable => nextflow.secret.LocalSecretsProvider@54562ea6
Mar-14 17:41:21.709 [main] DEBUG nextflow.config.ConfigBuilder - Applying config profile: `standard`
Mar-14 17:41:22.295 [main] DEBUG nextflow.cli.CmdRun - Applied DSL=2 from script declaration
Mar-14 17:41:22.323 [main] DEBUG nextflow.cli.CmdRun - Launching `main.nf` [determined_gutenberg] DSL2 - revision: f5b5ffa18e
Mar-14 17:41:22.325 [main] DEBUG nextflow.plugin.PluginsFacade - Plugins default=[]
Mar-14 17:41:22.325 [main] DEBUG nextflow.plugin.PluginsFacade - Plugins resolved requirement=[]
Mar-14 17:41:22.367 [main] DEBUG nextflow.Session - Session UUID: cd4d40d3-6fe0-4cac-b9af-975adb1d9df2
Mar-14 17:41:22.368 [main] DEBUG nextflow.Session - Run name: determined_gutenberg
Mar-14 17:41:22.369 [main] DEBUG nextflow.Session - Executor pool size: 31
Mar-14 17:41:22.374 [main] DEBUG nextflow.file.FilePorter - File porter settings maxRetries=3; maxTransfers=50; pollTimeout=null
Mar-14 17:41:22.377 [main] DEBUG nextflow.util.ThreadPoolBuilder - Creating thread pool 'FileTransfer' minSize=10; maxSize=93; workQueue=LinkedBlockingQueue[10000]; allowCoreThreadTimeout=false
Mar-14 17:41:22.454 [main] DEBUG nextflow.cli.CmdRun - 
  Version: 24.10.4 build 5934
  Created: 20-01-2025 16:47 UTC (17:47 CEST)
  System: Linux 5.15.167.4-microsoft-standard-WSL2
  Runtime: Groovy 4.0.23 on OpenJDK 64-Bit Server VM 11.0.22+7-LTS
  Encoding: UTF-8 (UTF-8)
  Process: 68708@WL23-0278 [127.0.1.1]
  CPUs: 31 - Mem: 98.2 GB (96.8 GB) - Swap: 30 GB (30 GB)
Mar-14 17:41:22.537 [main] DEBUG nextflow.Session - Work-dir: /mnt/c/Users/gmillot/Documents/Git_projects/repertoire_profiler/work [v9fs]
Mar-14 17:41:22.579 [main] DEBUG nextflow.executor.ExecutorFactory - Extension executors providers=[]
Mar-14 17:41:22.586 [main] DEBUG nextflow.Session - Observer factory: DefaultObserverFactory
Mar-14 17:41:22.631 [main] DEBUG nextflow.cache.CacheFactory - Using Nextflow cache factory: nextflow.cache.DefaultCacheFactory
Mar-14 17:41:22.643 [main] DEBUG nextflow.util.CustomThreadPool - Creating default thread pool > poolSize: 32; maxThreads: 1000
Mar-14 17:41:22.832 [main] DEBUG nextflow.Session - Session start
Mar-14 17:41:22.834 [main] DEBUG nextflow.trace.TraceFileObserver - Workflow started -- trace file: /mnt/c/Users/gmillot/Documents/Git_projects/repertoire_profiler/results/repertoire_profiler_1741970482/reports/trace.txt
Mar-14 17:41:23.913 [main] DEBUG nextflow.script.ScriptRunner - > Launching execution
Mar-14 17:41:23.952 [main] INFO  nextflow.script.BaseScript - 

INITIATION TIME: 2025-03-14T17:41:22.615549+01:00
Mar-14 17:41:26.456 [main] INFO  nextflow.script.BaseScript - 

RESULT DIRECTORY: /mnt/c/Users/gmillot/Documents/Git_projects/repertoire_profiler/results/repertoire_profiler_1741970482
Mar-14 17:41:26.457 [main] INFO  nextflow.script.BaseScript - 

WARNING:
TO MAKE THE REPERTOIRES AND DONUTS, THE SCRIPT CURRENTLY TAKES THE FIRST ANNOTATION OF THE IMGT ANNOTATION IF SEVERAL ARE PRESENTS IN THE v_call, j_call OR c_call COLUMN OF THE productive_seq.tsv FILE
Mar-14 17:41:26.458 [main] INFO  nextflow.script.BaseScript - 


Mar-14 17:41:26.513 [main] DEBUG nextflow.script.ProcessConfig - Config settings `withLabel:unzip` matches labels `unzip` for process with name Unzip
Mar-14 17:41:26.521 [main] DEBUG nextflow.executor.ExecutorFactory - << taskConfig executor: local
Mar-14 17:41:26.522 [main] DEBUG nextflow.executor.ExecutorFactory - >> processorType: 'local'
Mar-14 17:41:26.527 [main] DEBUG nextflow.executor.Executor - [warm up] executor > local
Mar-14 17:41:26.531 [main] DEBUG n.processor.LocalPollingMonitor - Creating local task monitor for executor 'local' > cpus=31; memory=98.2 GB; capacity=3000; pollInterval=100ms; dumpInterval=5m
Mar-14 17:41:26.534 [main] DEBUG n.processor.TaskPollingMonitor - >>> barrier register (monitor: local)
Mar-14 17:41:26.600 [main] DEBUG nextflow.script.ProcessConfig - Config settings `withLabel:bash` matches labels `bash` for process with name workflowParam
Mar-14 17:41:26.601 [main] DEBUG nextflow.executor.ExecutorFactory - << taskConfig executor: local
Mar-14 17:41:26.602 [main] DEBUG nextflow.executor.ExecutorFactory - >> processorType: 'local'
Mar-14 17:41:26.608 [main] DEBUG nextflow.script.ProcessConfig - Config settings `withLabel:immcantation` matches labels `immcantation` for process with name igblast_data_check
Mar-14 17:41:26.609 [main] DEBUG nextflow.executor.ExecutorFactory - << taskConfig executor: local
Mar-14 17:41:26.609 [main] DEBUG nextflow.executor.ExecutorFactory - >> processorType: 'local'
Mar-14 17:41:26.615 [main] DEBUG nextflow.script.ProcessConfig - Config settings `withLabel:immcantation` matches labels `immcantation` for process with name igblast
Mar-14 17:41:26.616 [main] DEBUG nextflow.executor.ExecutorFactory - << taskConfig executor: local
Mar-14 17:41:26.617 [main] DEBUG nextflow.executor.ExecutorFactory - >> processorType: 'local'
Mar-14 17:41:26.702 [main] DEBUG nextflow.script.ProcessConfig - Config settings `withLabel:immcantation` matches labels `immcantation` for process with name parseDb_filtering
Mar-14 17:41:26.703 [main] DEBUG nextflow.executor.ExecutorFactory - << taskConfig executor: local
Mar-14 17:41:26.704 [main] DEBUG nextflow.executor.ExecutorFactory - >> processorType: 'local'
Mar-14 17:41:26.746 [main] DEBUG nextflow.script.ProcessConfig - Config settings `withLabel:seqkit` matches labels `seqkit` for process with name translation
Mar-14 17:41:26.749 [main] DEBUG nextflow.executor.ExecutorFactory - << taskConfig executor: local
Mar-14 17:41:26.749 [main] DEBUG nextflow.executor.ExecutorFactory - >> processorType: 'local'
Mar-14 17:41:26.772 [main] DEBUG nextflow.script.ProcessConfig - Config settings `withLabel:immcantation` matches labels `immcantation` for process with name distToNearest
Mar-14 17:41:26.773 [main] DEBUG nextflow.executor.ExecutorFactory - << taskConfig executor: local
Mar-14 17:41:26.774 [main] DEBUG nextflow.executor.ExecutorFactory - >> processorType: 'local'
Mar-14 17:41:26.780 [main] DEBUG nextflow.script.ProcessConfig - Config settings `withLabel:immcantation` matches labels `immcantation` for process with name distance_hist
Mar-14 17:41:26.782 [main] DEBUG nextflow.executor.ExecutorFactory - << taskConfig executor: local
Mar-14 17:41:26.782 [main] DEBUG nextflow.executor.ExecutorFactory - >> processorType: 'local'
Mar-14 17:41:26.791 [main] DEBUG nextflow.script.ProcessConfig - Config settings `withLabel:r_ext` matches labels `r_ext` for process with name histogram_assembly
Mar-14 17:41:26.793 [main] DEBUG nextflow.executor.ExecutorFactory - << taskConfig executor: local
Mar-14 17:41:26.794 [main] DEBUG nextflow.executor.ExecutorFactory - >> processorType: 'local'
Mar-14 17:41:26.797 [main] DEBUG nextflow.script.ProcessConfig - Config settings `withLabel:r_ext` matches labels `r_ext` for process with name seq_name_replacement
Mar-14 17:41:26.798 [main] DEBUG nextflow.executor.ExecutorFactory - << taskConfig executor: local
Mar-14 17:41:26.798 [main] DEBUG nextflow.executor.ExecutorFactory - >> processorType: 'local'
Mar-14 17:41:26.828 [main] DEBUG nextflow.script.ProcessConfig - Config settings `withLabel:immcantation` matches labels `immcantation` for process with name data_assembly
Mar-14 17:41:26.829 [main] DEBUG nextflow.executor.ExecutorFactory - << taskConfig executor: local
Mar-14 17:41:26.830 [main] DEBUG nextflow.executor.ExecutorFactory - >> processorType: 'local'
Mar-14 17:41:26.837 [main] DEBUG nextflow.script.ProcessConfig - Config settings `withLabel:immcantation` matches labels `immcantation` for process with name metadata_check
Mar-14 17:41:26.838 [main] DEBUG nextflow.executor.ExecutorFactory - << taskConfig executor: local
Mar-14 17:41:26.839 [main] DEBUG nextflow.executor.ExecutorFactory - >> processorType: 'local'
Mar-14 17:41:26.845 [main] DEBUG nextflow.script.ProcessConfig - Config settings `withLabel:r_ext` matches labels `r_ext` for process with name repertoire
Mar-14 17:41:26.847 [main] DEBUG nextflow.executor.ExecutorFactory - << taskConfig executor: local
Mar-14 17:41:26.847 [main] DEBUG nextflow.executor.ExecutorFactory - >> processorType: 'local'
Mar-14 17:41:26.851 [main] DEBUG nextflow.script.ProcessConfig - Config settings `withLabel:immcantation` matches labels `immcantation` for process with name clone_assignment
Mar-14 17:41:26.853 [main] DEBUG nextflow.executor.ExecutorFactory - << taskConfig executor: local
Mar-14 17:41:26.853 [main] DEBUG nextflow.executor.ExecutorFactory - >> processorType: 'local'
Mar-14 17:41:26.861 [main] DEBUG nextflow.script.ProcessConfig - Config settings `withLabel:immcantation` matches labels `immcantation` for process with name split_by_clones
Mar-14 17:41:26.862 [main] DEBUG nextflow.executor.ExecutorFactory - << taskConfig executor: local
Mar-14 17:41:26.863 [main] DEBUG nextflow.executor.ExecutorFactory - >> processorType: 'local'
Mar-14 17:41:26.869 [main] DEBUG nextflow.script.ProcessConfig - Config settings `withLabel:immcantation` matches labels `immcantation` for process with name closest_germline
Mar-14 17:41:26.870 [main] DEBUG nextflow.executor.ExecutorFactory - << taskConfig executor: local
Mar-14 17:41:26.871 [main] DEBUG nextflow.executor.ExecutorFactory - >> processorType: 'local'
Mar-14 17:41:26.885 [main] DEBUG nextflow.script.ProcessConfig - Config settings `withLabel:immcantation` matches labels `immcantation` for process with name mutation_load
Mar-14 17:41:26.886 [main] DEBUG nextflow.executor.ExecutorFactory - << taskConfig executor: local
Mar-14 17:41:26.887 [main] DEBUG nextflow.executor.ExecutorFactory - >> processorType: 'local'
Mar-14 17:41:26.911 [main] DEBUG nextflow.script.ProcessConfig - Config settings `withLabel:immcantation_10cpu` matches labels `immcantation_10cpu` for process with name get_germ_tree
Mar-14 17:41:26.913 [main] DEBUG nextflow.executor.ExecutorFactory - << taskConfig executor: local
Mar-14 17:41:26.913 [main] DEBUG nextflow.executor.ExecutorFactory - >> processorType: 'local'
Mar-14 17:41:26.988 [main] DEBUG nextflow.script.ProcessConfig - Config settings `withLabel:r_ext` matches labels `r_ext` for process with name germ_tree_vizu
Mar-14 17:41:26.991 [main] DEBUG nextflow.executor.ExecutorFactory - << taskConfig executor: local
Mar-14 17:41:26.993 [main] DEBUG nextflow.executor.ExecutorFactory - >> processorType: 'local'
Mar-14 17:41:27.024 [main] DEBUG nextflow.script.ProcessConfig - Config settings `withLabel:r_ext` matches labels `r_ext` for process with name donut
Mar-14 17:41:27.025 [main] DEBUG nextflow.executor.ExecutorFactory - << taskConfig executor: local
Mar-14 17:41:27.026 [main] DEBUG nextflow.executor.ExecutorFactory - >> processorType: 'local'
Mar-14 17:41:27.046 [main] DEBUG nextflow.script.ProcessConfig - Config settings `withLabel:r_ext` matches labels `r_ext` for process with name donut_assembly
Mar-14 17:41:27.047 [main] DEBUG nextflow.executor.ExecutorFactory - << taskConfig executor: local
Mar-14 17:41:27.048 [main] DEBUG nextflow.executor.ExecutorFactory - >> processorType: 'local'
Mar-14 17:41:27.054 [main] DEBUG nextflow.executor.ExecutorFactory - << taskConfig executor: local
Mar-14 17:41:27.054 [main] DEBUG nextflow.executor.ExecutorFactory - >> processorType: 'local'
Mar-14 17:41:27.057 [main] DEBUG nextflow.script.ProcessConfig - Config settings `withLabel:goalign` matches labels `goalign` for process with name DefineGroups
Mar-14 17:41:27.058 [main] DEBUG nextflow.executor.ExecutorFactory - << taskConfig executor: local
Mar-14 17:41:27.059 [main] DEBUG nextflow.executor.ExecutorFactory - >> processorType: 'local'
Mar-14 17:41:27.062 [main] DEBUG nextflow.script.ProcessConfig - Config settings `withLabel:abalign` matches labels `abalign` for process with name Align
Mar-14 17:41:27.064 [main] DEBUG nextflow.executor.ExecutorFactory - << taskConfig executor: local
Mar-14 17:41:27.065 [main] DEBUG nextflow.executor.ExecutorFactory - >> processorType: 'local'
Mar-14 17:41:27.069 [main] DEBUG nextflow.script.ProcessConfig - Config settings `withLabel:goalign` matches labels `goalign` for process with name NbSequences
Mar-14 17:41:27.071 [main] DEBUG nextflow.executor.ExecutorFactory - << taskConfig executor: local
Mar-14 17:41:27.072 [main] DEBUG nextflow.executor.ExecutorFactory - >> processorType: 'local'
Mar-14 17:41:27.078 [main] DEBUG nextflow.script.ProcessConfig - Config settings `withLabel:iqtree` matches labels `iqtree` for process with name Tree
Mar-14 17:41:27.080 [main] DEBUG nextflow.executor.ExecutorFactory - << taskConfig executor: local
Mar-14 17:41:27.080 [main] DEBUG nextflow.executor.ExecutorFactory - >> processorType: 'local'
Mar-14 17:41:27.084 [main] DEBUG nextflow.script.ProcessConfig - Config settings `withLabel:tabletoitol` matches labels `tabletoitol` for process with name ProcessMeta
Mar-14 17:41:27.085 [main] DEBUG nextflow.executor.ExecutorFactory - << taskConfig executor: local
Mar-14 17:41:27.086 [main] DEBUG nextflow.executor.ExecutorFactory - >> processorType: 'local'
Mar-14 17:41:27.090 [main] DEBUG nextflow.script.ProcessConfig - Config settings `withLabel:gotree` matches labels `gotree` for process with name ITOL
Mar-14 17:41:27.091 [main] DEBUG nextflow.script.ProcessConfig - Config settings `withName:ITOL` matches process ITOL
Mar-14 17:41:27.093 [main] DEBUG nextflow.executor.ExecutorFactory - << taskConfig executor: local
Mar-14 17:41:27.093 [main] DEBUG nextflow.executor.ExecutorFactory - >> processorType: 'local'
Mar-14 17:41:27.102 [main] DEBUG nextflow.script.ProcessConfig - Config settings `withLabel:r_ext` matches labels `r_ext` for process with name print_report
Mar-14 17:41:27.104 [main] DEBUG nextflow.executor.ExecutorFactory - << taskConfig executor: local
Mar-14 17:41:27.105 [main] DEBUG nextflow.executor.ExecutorFactory - >> processorType: 'local'
Mar-14 17:41:27.112 [main] DEBUG nextflow.script.ProcessConfig - Config settings `withLabel:bash` matches labels `bash` for process with name backup
Mar-14 17:41:27.114 [main] DEBUG nextflow.executor.ExecutorFactory - << taskConfig executor: local
Mar-14 17:41:27.115 [main] DEBUG nextflow.executor.ExecutorFactory - >> processorType: 'local'
Mar-14 17:41:27.118 [main] DEBUG nextflow.Session - Workflow process names [dsl2]: backup, NbSequences, igblast_data_check, ProcessMeta, data_assembly, histogram_assembly, metadata_check, igblast, donut, seq_name_replacement, Tree, germ_tree_vizu, closest_germline, repertoire, donut_assembly, get_germ_tree, print_report, Reformat, distance_hist, Align, Unzip, ITOL, distToNearest, parseDb_filtering, DefineGroups, translation, workflowParam, split_by_clones, clone_assignment, mutation_load
Mar-14 17:41:27.120 [main] DEBUG nextflow.Session - Igniting dataflow network (33)
Mar-14 17:41:27.125 [main] DEBUG nextflow.processor.TaskProcessor - Starting process > Unzip
Mar-14 17:41:27.128 [main] DEBUG nextflow.processor.TaskProcessor - Starting process > workflowParam
Mar-14 17:41:27.130 [main] DEBUG nextflow.processor.TaskProcessor - Starting process > igblast_data_check
Mar-14 17:41:27.133 [main] DEBUG nextflow.processor.TaskProcessor - Starting process > igblast
Mar-14 17:41:27.135 [main] DEBUG nextflow.processor.TaskProcessor - Starting process > parseDb_filtering
Mar-14 17:41:27.136 [main] DEBUG nextflow.processor.TaskProcessor - Starting process > translation
Mar-14 17:41:27.137 [main] DEBUG nextflow.processor.TaskProcessor - Starting process > distToNearest
Mar-14 17:41:27.138 [main] DEBUG nextflow.processor.TaskProcessor - Starting process > distance_hist
Mar-14 17:41:27.138 [main] DEBUG nextflow.processor.TaskProcessor - Starting process > histogram_assembly
Mar-14 17:41:27.139 [main] DEBUG nextflow.processor.TaskProcessor - Starting process > seq_name_replacement
Mar-14 17:41:27.140 [main] DEBUG nextflow.processor.TaskProcessor - Starting process > data_assembly
Mar-14 17:41:27.141 [main] DEBUG nextflow.processor.TaskProcessor - Starting process > metadata_check
Mar-14 17:41:27.141 [main] DEBUG nextflow.processor.TaskProcessor - Starting process > repertoire
Mar-14 17:41:27.142 [main] DEBUG nextflow.processor.TaskProcessor - Starting process > clone_assignment
Mar-14 17:41:27.144 [main] DEBUG nextflow.processor.TaskProcessor - Starting process > split_by_clones
Mar-14 17:41:27.145 [main] DEBUG nextflow.processor.TaskProcessor - Starting process > closest_germline
Mar-14 17:41:27.145 [main] DEBUG nextflow.processor.TaskProcessor - Starting process > mutation_load
Mar-14 17:41:27.146 [main] DEBUG nextflow.processor.TaskProcessor - Starting process > get_germ_tree
Mar-14 17:41:27.147 [main] DEBUG nextflow.processor.TaskProcessor - Starting process > germ_tree_vizu
Mar-14 17:41:27.148 [main] DEBUG nextflow.processor.TaskProcessor - Starting process > donut
Mar-14 17:41:27.149 [main] DEBUG nextflow.processor.TaskProcessor - Starting process > donut_assembly
Mar-14 17:41:27.149 [main] DEBUG nextflow.processor.TaskProcessor - Starting process > Reformat
Mar-14 17:41:27.150 [main] DEBUG nextflow.processor.TaskProcessor - Starting process > DefineGroups
Mar-14 17:41:27.151 [main] DEBUG nextflow.processor.TaskProcessor - Starting process > Align
Mar-14 17:41:27.152 [main] DEBUG nextflow.processor.TaskProcessor - Starting process > NbSequences
Mar-14 17:41:27.153 [main] DEBUG nextflow.processor.TaskProcessor - Starting process > Tree
Mar-14 17:41:27.153 [main] DEBUG nextflow.processor.TaskProcessor - Starting process > ProcessMeta
Mar-14 17:41:27.154 [main] DEBUG nextflow.processor.TaskProcessor - Starting process > ITOL
Mar-14 17:41:27.154 [main] DEBUG nextflow.processor.TaskProcessor - Starting process > print_report
Mar-14 17:41:27.155 [main] DEBUG nextflow.processor.TaskProcessor - Starting process > backup
Mar-14 17:41:27.156 [main] DEBUG nextflow.script.ScriptRunner - Parsed script files:
  Script_504b849ef7a19d67: /mnt/c/Users/gmillot/Documents/Git_projects/repertoire_profiler/main.nf
Mar-14 17:41:27.157 [main] DEBUG nextflow.script.ScriptRunner - > Awaiting termination 
Mar-14 17:41:27.158 [main] DEBUG nextflow.Session - Session await
Mar-14 17:41:27.223 [Actor Thread 19] DEBUG nextflow.container.SingularityCache - Apptainer found local store for image=docker://gmillot/immcantation_v2.0:gitlab_v10.9; path=/mnt/c/Users/gmillot/apptainer/gmillot-immcantation_v2.0-gitlab_v10.9.img
Mar-14 17:41:27.223 [Actor Thread 18] DEBUG nextflow.container.SingularityCache - Apptainer found local store for image=docker://gmillot/bash-extended_v4.0:gitlab_v8.0; path=/mnt/c/Users/gmillot/apptainer/gmillot-bash-extended_v4.0-gitlab_v8.0.img
Mar-14 17:41:27.328 [Actor Thread 27] INFO  nextflow.processor.TaskProcessor - [ad/ba0d89] Cached process > igblast_data_check
Mar-14 17:41:27.340 [Task submitter] DEBUG n.executor.local.LocalTaskHandler - Launch cmd line: /bin/bash -ue .command.run
Mar-14 17:41:27.345 [Task submitter] INFO  nextflow.Session - [2a/4fca07] Submitted process > backup
Mar-14 17:41:27.368 [Task submitter] DEBUG n.executor.local.LocalTaskHandler - Launch cmd line: /bin/bash -ue .command.run
Mar-14 17:41:27.368 [Task submitter] INFO  nextflow.Session - [e6/2fda0c] Submitted process > workflowParam
Mar-14 17:41:28.459 [FileTransfer-1] DEBUG nextflow.file.FilePorter - Local cache found for foreign file https://zenodo.org/records/14500292/files/ig_clustering_test_1_VH.zip at /mnt/c/Users/gmillot/Documents/Git_projects/repertoire_profiler/work/stage-cd4d40d3-6fe0-4cac-b9af-975adb1d9df2/59/10206b93b69aa2b5a97dc2adf125d6/ig_clustering_test_1_VH.zip
Mar-14 17:41:28.462 [Actor Thread 32] DEBUG nextflow.container.SingularityCache - Apptainer found local store for image=docker://gmillot/ubuntu_v22.04_extended_v1.0:gitlab_v10.2; path=/mnt/c/Users/gmillot/apptainer/gmillot-ubuntu_v22.04_extended_v1.0-gitlab_v10.2.img
Mar-14 17:41:28.468 [FileTransfer-2] DEBUG nextflow.file.FilePorter - Local cache found for foreign file https://zenodo.org/records/14771586/files/metadata.tsv at /mnt/c/Users/gmillot/Documents/Git_projects/repertoire_profiler/work/stage-cd4d40d3-6fe0-4cac-b9af-975adb1d9df2/3e/6846097c883d528f821353cd032aed/metadata.tsv
Mar-14 17:41:28.471 [Actor Thread 32] DEBUG nextflow.container.SingularityCache - Apptainer found local store for image=docker://evolbioinfo/table2itol:fa4b43c; path=/mnt/c/Users/gmillot/apptainer/evolbioinfo-table2itol-fa4b43c.img
Mar-14 17:41:28.514 [Actor Thread 29] INFO  nextflow.processor.TaskProcessor - [2d/132e67] Cached process > Unzip (1)
Mar-14 17:41:28.515 [Actor Thread 25] INFO  nextflow.processor.TaskProcessor - [f8/d1a5bc] Cached process > ProcessMeta
Mar-14 17:41:28.770 [Actor Thread 15] INFO  nextflow.processor.TaskProcessor - [3d/4eadb1] Cached process > igblast (12)
Mar-14 17:41:28.771 [Actor Thread 28] INFO  nextflow.processor.TaskProcessor - [d9/17a7a4] Cached process > igblast (16)
Mar-14 17:41:28.771 [Actor Thread 18] INFO  nextflow.processor.TaskProcessor - [f0/7d8dd9] Cached process > igblast (5)
Mar-14 17:41:28.773 [Actor Thread 24] INFO  nextflow.processor.TaskProcessor - [f0/24ba28] Cached process > igblast (2)
Mar-14 17:41:28.777 [Actor Thread 21] INFO  nextflow.processor.TaskProcessor - [d9/2d52d0] Cached process > igblast (8)
Mar-14 17:41:28.778 [Actor Thread 23] INFO  nextflow.processor.TaskProcessor - [3d/5534f5] Cached process > igblast (3)
Mar-14 17:41:28.784 [Actor Thread 29] INFO  nextflow.processor.TaskProcessor - [31/ed9752] Cached process > igblast (1)
Mar-14 17:41:28.784 [Actor Thread 14] INFO  nextflow.processor.TaskProcessor - [00/375c8d] Cached process > igblast (13)
Mar-14 17:41:28.784 [Actor Thread 17] INFO  nextflow.processor.TaskProcessor - [14/3840f4] Cached process > igblast (14)
Mar-14 17:41:28.785 [Actor Thread 27] INFO  nextflow.processor.TaskProcessor - [9b/0f2237] Cached process > igblast (4)
Mar-14 17:41:28.787 [Actor Thread 13] INFO  nextflow.processor.TaskProcessor - [0a/fcb856] Cached process > igblast (15)
Mar-14 17:41:28.788 [Actor Thread 22] INFO  nextflow.processor.TaskProcessor - [2e/ae35c9] Cached process > igblast (9)
Mar-14 17:41:28.789 [Actor Thread 19] INFO  nextflow.processor.TaskProcessor - [17/7b8708] Cached process > igblast (6)
Mar-14 17:41:28.803 [Actor Thread 25] INFO  nextflow.processor.TaskProcessor - [52/227e88] Cached process > igblast (10)
Mar-14 17:41:28.803 [Actor Thread 20] INFO  nextflow.processor.TaskProcessor - [e1/0c2103] Cached process > igblast (7)
Mar-14 17:41:28.811 [Actor Thread 16] INFO  nextflow.processor.TaskProcessor - [66/bd6832] Cached process > igblast (11)
Mar-14 17:41:28.873 [Actor Thread 28] INFO  nextflow.processor.TaskProcessor - [80/eb5af1] Cached process > parseDb_filtering (2)
Mar-14 17:41:28.874 [Actor Thread 3] INFO  nextflow.processor.TaskProcessor - [80/2f6f69] Cached process > parseDb_filtering (4)
Mar-14 17:41:28.879 [Actor Thread 15] INFO  nextflow.processor.TaskProcessor - [c8/b98031] Cached process > parseDb_filtering (5)
Mar-14 17:41:28.879 [Actor Thread 18] INFO  nextflow.processor.TaskProcessor - [d9/2171cc] Cached process > parseDb_filtering (3)
Mar-14 17:41:28.879 [Actor Thread 27] INFO  nextflow.processor.TaskProcessor - [88/8e5256] Cached process > parseDb_filtering (10)
Mar-14 17:41:28.880 [Actor Thread 20] INFO  nextflow.processor.TaskProcessor - [e7/bc7bdf] Cached process > parseDb_filtering (15)
Mar-14 17:41:28.879 [Actor Thread 29] INFO  nextflow.processor.TaskProcessor - [78/0d4087] Cached process > parseDb_filtering (14)
Mar-14 17:41:28.879 [Actor Thread 23] INFO  nextflow.processor.TaskProcessor - [e0/78a585] Cached process > parseDb_filtering (9)
Mar-14 17:41:28.880 [Actor Thread 21] INFO  nextflow.processor.TaskProcessor - [34/e5a1d1] Cached process > parseDb_filtering (7)
Mar-14 17:41:28.880 [Actor Thread 17] INFO  nextflow.processor.TaskProcessor - [9b/764f95] Cached process > parseDb_filtering (12)
Mar-14 17:41:28.880 [Actor Thread 7] INFO  nextflow.processor.TaskProcessor - [f6/a9ea55] Cached process > parseDb_filtering (1)
Mar-14 17:41:28.880 [Actor Thread 14] INFO  nextflow.processor.TaskProcessor - [bf/a795c6] Cached process > parseDb_filtering (11)
Mar-14 17:41:28.880 [Actor Thread 31] INFO  nextflow.processor.TaskProcessor - [62/f372d9] Cached process > parseDb_filtering (6)
Mar-14 17:41:28.881 [Actor Thread 19] INFO  nextflow.processor.TaskProcessor - [3a/671416] Cached process > parseDb_filtering (16)
Mar-14 17:41:28.881 [Actor Thread 4] INFO  nextflow.processor.TaskProcessor - [26/f367aa] Cached process > parseDb_filtering (8)
Mar-14 17:41:28.881 [Actor Thread 13] INFO  nextflow.processor.TaskProcessor - [fa/aa95bf] Cached process > parseDb_filtering (13)
Mar-14 17:41:28.909 [Actor Thread 2] DEBUG nextflow.container.SingularityCache - Apptainer found local store for image=docker://pegi3s/seqkit:2.3.0; path=/mnt/c/Users/gmillot/apptainer/pegi3s-seqkit-2.3.0.img
Mar-14 17:41:29.338 [Actor Thread 3] INFO  nextflow.processor.TaskProcessor - [a2/4a64fc] Cached process > translation (4)
Mar-14 17:41:29.340 [Actor Thread 22] INFO  nextflow.processor.TaskProcessor - [8f/dfb1f7] Cached process > translation (1)
Mar-14 17:41:29.340 [Actor Thread 28] INFO  nextflow.processor.TaskProcessor - [d7/9d9a3a] Cached process > translation (3)
Mar-14 17:41:29.343 [Actor Thread 16] INFO  nextflow.processor.TaskProcessor - [1c/4323a7] Cached process > translation (6)
Mar-14 17:41:29.344 [Actor Thread 27] INFO  nextflow.processor.TaskProcessor - [d3/411954] Cached process > translation (5)
Mar-14 17:41:29.345 [Actor Thread 5] INFO  nextflow.processor.TaskProcessor - [8c/4f4323] Cached process > translation (2)
Mar-14 17:41:29.362 [Actor Thread 18] INFO  nextflow.processor.TaskProcessor - [41/f87e15] Cached process > translation (7)
Mar-14 17:41:29.363 [Actor Thread 27] DEBUG nextflow.util.ThreadPoolBuilder - Creating thread pool 'PublishDir' minSize=10; maxSize=93; workQueue=LinkedBlockingQueue[10000]; allowCoreThreadTimeout=false
Mar-14 17:41:29.371 [Actor Thread 13] INFO  nextflow.processor.TaskProcessor - [6b/d822da] Cached process > translation (14)
Mar-14 17:41:29.371 [Actor Thread 2] INFO  nextflow.processor.TaskProcessor - [b5/4a01d7] Cached process > translation (11)
Mar-14 17:41:29.371 [Actor Thread 20] INFO  nextflow.processor.TaskProcessor - [6e/c2ca42] Cached process > translation (8)
Mar-14 17:41:29.378 [Actor Thread 4] INFO  nextflow.processor.TaskProcessor - [22/79e858] Cached process > translation (12)
Mar-14 17:41:29.379 [Actor Thread 14] INFO  nextflow.processor.TaskProcessor - [06/9175a2] Cached process > translation (9)
Mar-14 17:41:29.380 [Actor Thread 31] INFO  nextflow.processor.TaskProcessor - [ce/2faefe] Cached process > translation (13)
Mar-14 17:41:29.380 [Actor Thread 25] INFO  nextflow.processor.TaskProcessor - [ae/bb8540] Cached process > translation (15)
Mar-14 17:41:29.383 [Actor Thread 17] INFO  nextflow.processor.TaskProcessor - [85/8894ba] Cached process > translation (10)
Mar-14 17:41:29.388 [Actor Thread 21] INFO  nextflow.processor.TaskProcessor - [96/b2f1e6] Cached process > translation (16)
Mar-14 17:41:29.811 [Actor Thread 10] DEBUG nextflow.sort.BigSort - Sort completed -- entries: 16; slices: 1; internal sort time: 0.845 s; external sort time: 0.002 s; total time: 0.847 s
Mar-14 17:41:29.812 [Actor Thread 32] DEBUG nextflow.sort.BigSort - Sort completed -- entries: 16; slices: 1; internal sort time: 0.845 s; external sort time: 0.003 s; total time: 0.848 s
Mar-14 17:41:29.816 [Actor Thread 10] DEBUG nextflow.file.FileCollector - >> temp file exists? true
Mar-14 17:41:29.816 [Actor Thread 32] DEBUG nextflow.file.FileCollector - >> temp file exists? true
Mar-14 17:41:29.835 [Actor Thread 32] DEBUG nextflow.file.FileCollector - Retrieved cached collect-files from: /mnt/c/Users/gmillot/Documents/Git_projects/repertoire_profiler/work/collect-file/9a30fd1138c5a30090e7df3e72f5ffa5
Mar-14 17:41:29.836 [Actor Thread 8] DEBUG nextflow.sort.BigSort - Sort completed -- entries: 16; slices: 1; internal sort time: 0.869 s; external sort time: 0.0 s; total time: 0.869 s
Mar-14 17:41:29.836 [Actor Thread 10] DEBUG nextflow.file.FileCollector - Retrieved cached collect-files from: /mnt/c/Users/gmillot/Documents/Git_projects/repertoire_profiler/work/collect-file/9dd79ce730c4be2f37c577ecafc471c6
Mar-14 17:41:29.841 [Actor Thread 32] DEBUG nextflow.file.FileCollector - Deleting file collector temp dir: /tmp/nxf-12296548497751322175
Mar-14 17:41:29.842 [Actor Thread 10] DEBUG nextflow.file.FileCollector - Deleting file collector temp dir: /tmp/nxf-12945999723495086036
Mar-14 17:41:29.845 [Actor Thread 8] DEBUG nextflow.file.FileCollector - >> temp file exists? true
Mar-14 17:41:29.853 [Actor Thread 6] DEBUG nextflow.sort.BigSort - Sort completed -- entries: 16; slices: 1; internal sort time: 0.889 s; external sort time: 0.0 s; total time: 0.889 s
Mar-14 17:41:29.858 [Actor Thread 6] DEBUG nextflow.file.FileCollector - >> temp file exists? true
Mar-14 17:41:29.866 [Actor Thread 8] DEBUG nextflow.file.FileCollector - Retrieved cached collect-files from: /mnt/c/Users/gmillot/Documents/Git_projects/repertoire_profiler/work/collect-file/644b7d3291645ed1cdeef4b94f73ead6
Mar-14 17:41:29.868 [Actor Thread 8] DEBUG nextflow.file.FileCollector - Deleting file collector temp dir: /tmp/nxf-7581103393677310775
Mar-14 17:41:29.878 [Actor Thread 6] DEBUG nextflow.file.FileCollector - Retrieved cached collect-files from: /mnt/c/Users/gmillot/Documents/Git_projects/repertoire_profiler/work/collect-file/e1b51b7f6fa02cc38a5fd27c22dc7044
Mar-14 17:41:29.881 [Actor Thread 6] DEBUG nextflow.file.FileCollector - Deleting file collector temp dir: /tmp/nxf-17420638215517462803
Mar-14 17:41:29.911 [Actor Thread 11] DEBUG nextflow.sort.BigSort - Sort completed -- entries: 16; slices: 1; internal sort time: 0.799 s; external sort time: 0.0 s; total time: 0.799 s
Mar-14 17:41:29.917 [Actor Thread 11] DEBUG nextflow.file.FileCollector - >> temp file exists? true
Mar-14 17:41:29.933 [Actor Thread 11] DEBUG nextflow.file.FileCollector - Retrieved cached collect-files from: /mnt/c/Users/gmillot/Documents/Git_projects/repertoire_profiler/work/collect-file/3c0adf50ab4bf59d40c06647cedfe11d
Mar-14 17:41:29.935 [Actor Thread 11] DEBUG nextflow.file.FileCollector - Deleting file collector temp dir: /tmp/nxf-5707322836736751820
Mar-14 17:41:29.935 [Actor Thread 12] DEBUG nextflow.sort.BigSort - Sort completed -- entries: 16; slices: 1; internal sort time: 0.82 s; external sort time: 0.0 s; total time: 0.82 s
Mar-14 17:41:29.941 [Actor Thread 12] DEBUG nextflow.file.FileCollector - >> temp file exists? true
Mar-14 17:41:29.953 [Actor Thread 12] DEBUG nextflow.file.FileCollector - Retrieved cached collect-files from: /mnt/c/Users/gmillot/Documents/Git_projects/repertoire_profiler/work/collect-file/f7d5812e80a06479077481c32efef156
Mar-14 17:41:29.955 [Actor Thread 12] DEBUG nextflow.file.FileCollector - Deleting file collector temp dir: /tmp/nxf-9823447100546236170
Mar-14 17:41:29.979 [Actor Thread 26] DEBUG nextflow.sort.BigSort - Sort completed -- entries: 16; slices: 1; internal sort time: 0.865 s; external sort time: 0.001 s; total time: 0.866 s
Mar-14 17:41:29.983 [Actor Thread 26] DEBUG nextflow.file.FileCollector - >> temp file exists? true
Mar-14 17:41:29.995 [Actor Thread 26] DEBUG nextflow.file.FileCollector - Retrieved cached collect-files from: /mnt/c/Users/gmillot/Documents/Git_projects/repertoire_profiler/work/collect-file/006134eacd45a402a5fa8442c8d7f081
Mar-14 17:41:29.997 [Actor Thread 26] DEBUG nextflow.file.FileCollector - Deleting file collector temp dir: /tmp/nxf-1242776220307136803
Mar-14 17:41:30.071 [Actor Thread 7] DEBUG nextflow.sort.BigSort - Sort completed -- entries: 16; slices: 1; internal sort time: 0.533 s; external sort time: 0.001 s; total time: 0.534 s
Mar-14 17:41:30.073 [Actor Thread 15] DEBUG nextflow.sort.BigSort - Sort completed -- entries: 16; slices: 1; internal sort time: 0.529 s; external sort time: 0.0 s; total time: 0.529 s
Mar-14 17:41:30.074 [Actor Thread 7] DEBUG nextflow.file.FileCollector - >> temp file exists? true
Mar-14 17:41:30.075 [Actor Thread 15] DEBUG nextflow.file.FileCollector - >> temp file exists? true
Mar-14 17:41:30.083 [Actor Thread 7] DEBUG nextflow.file.FileCollector - Retrieved cached collect-files from: /mnt/c/Users/gmillot/Documents/Git_projects/repertoire_profiler/work/collect-file/ca28518e0094cc2280588c61632cb249
Mar-14 17:41:30.084 [Actor Thread 15] DEBUG nextflow.file.FileCollector - Retrieved cached collect-files from: /mnt/c/Users/gmillot/Documents/Git_projects/repertoire_profiler/work/collect-file/4bffecd3b863531326ff5ebd525dc754
Mar-14 17:41:30.085 [Actor Thread 7] DEBUG nextflow.file.FileCollector - Deleting file collector temp dir: /tmp/nxf-11038027418931587409
Mar-14 17:41:30.085 [Actor Thread 15] DEBUG nextflow.file.FileCollector - Deleting file collector temp dir: /tmp/nxf-10684696455887269175
Mar-14 17:41:30.094 [Actor Thread 23] DEBUG nextflow.sort.BigSort - Sort completed -- entries: 16; slices: 1; internal sort time: 0.556 s; external sort time: 0.001 s; total time: 0.557 s
Mar-14 17:41:30.098 [Actor Thread 23] DEBUG nextflow.file.FileCollector - >> temp file exists? true
Mar-14 17:41:30.110 [Actor Thread 23] DEBUG nextflow.file.FileCollector - Retrieved cached collect-files from: /mnt/c/Users/gmillot/Documents/Git_projects/repertoire_profiler/work/collect-file/f2bc827b974d1628ef7bb9840dba034d
Mar-14 17:41:30.112 [Actor Thread 23] DEBUG nextflow.file.FileCollector - Deleting file collector temp dir: /tmp/nxf-14164270887954789094
Mar-14 17:41:30.143 [Actor Thread 10] INFO  nextflow.processor.TaskProcessor - [be/0a236a] Cached process > Reformat (1)
Mar-14 17:41:30.170 [Actor Thread 7] INFO  nextflow.processor.TaskProcessor - [32/5e2cd4] Cached process > distToNearest (1)
Mar-14 17:41:30.173 [Actor Thread 12] DEBUG nextflow.container.SingularityCache - Apptainer found local store for image=docker://evolbioinfo/goalign:dev103ea5b; path=/mnt/c/Users/gmillot/apptainer/evolbioinfo-goalign-dev103ea5b.img
Mar-14 17:41:30.227 [Actor Thread 10] INFO  nextflow.processor.TaskProcessor - [36/c7326b] Cached process > DefineGroups (1)
Mar-14 17:41:30.238 [Actor Thread 6] DEBUG nextflow.container.SingularityCache - Apptainer found local store for image=docker://gmillot/abalign2_v1.0:gitlab_v10.2; path=/mnt/c/Users/gmillot/apptainer/gmillot-abalign2_v1.0-gitlab_v10.2.img
Mar-14 17:41:30.286 [Actor Thread 8] INFO  nextflow.processor.TaskProcessor - [b9/b1d726] Cached process > Align (4)
Mar-14 17:41:30.286 [Actor Thread 12] INFO  nextflow.processor.TaskProcessor - [c0/2c3b11] Cached process > Align (1)
Mar-14 17:41:30.286 [Actor Thread 11] INFO  nextflow.processor.TaskProcessor - [b7/ded99c] Cached process > Align (3)
Mar-14 17:41:30.290 [Actor Thread 23] INFO  nextflow.processor.TaskProcessor - [e4/77d7b4] Cached process > Align (2)
Mar-14 17:41:30.337 [Actor Thread 32] INFO  nextflow.processor.TaskProcessor - [55/5fa836] Cached process > NbSequences (3)
Mar-14 17:41:30.338 [Actor Thread 8] INFO  nextflow.processor.TaskProcessor - [3f/cce668] Cached process > NbSequences (1)
Mar-14 17:41:30.338 [Actor Thread 27] INFO  nextflow.processor.TaskProcessor - [65/4704e3] Cached process > NbSequences (2)
Mar-14 17:41:30.338 [Actor Thread 11] INFO  nextflow.processor.TaskProcessor - [2f/8d3377] Cached process > NbSequences (4)
Mar-14 17:41:30.379 [Actor Thread 32] DEBUG nextflow.container.SingularityCache - Apptainer found local store for image=docker://evolbioinfo/iqtree:v2.2.5; path=/mnt/c/Users/gmillot/apptainer/evolbioinfo-iqtree-v2.2.5.img
Mar-14 17:41:30.478 [Actor Thread 27] INFO  nextflow.processor.TaskProcessor - [cc/a0e822] Cached process > Tree (2)
Mar-14 17:41:30.479 [Actor Thread 11] INFO  nextflow.processor.TaskProcessor - [01/b2aed8] Cached process > Tree (1)
Mar-14 17:41:30.515 [Actor Thread 32] DEBUG nextflow.container.SingularityCache - Apptainer found local store for image=docker://evolbioinfo/gotree:v0.4.4; path=/mnt/c/Users/gmillot/apptainer/evolbioinfo-gotree-v0.4.4.img
Mar-14 17:41:30.581 [Actor Thread 12] INFO  nextflow.processor.TaskProcessor - [8f/fd58b5] Cached process > ITOL (2)
Mar-14 17:41:30.585 [Actor Thread 26] INFO  nextflow.processor.TaskProcessor - [69/a0fbfc] Cached process > ITOL (1)
Mar-14 17:41:38.695 [Actor Thread 32] DEBUG nextflow.container.SingularityCache - Apptainer found local store for image=docker://gmillot/r_v4.1.2_ig_clustering_v1.3:gitlab_v9.9; path=/mnt/c/Users/gmillot/apptainer/gmillot-r_v4.1.2_ig_clustering_v1.3-gitlab_v9.9.img
Mar-14 17:41:38.769 [Actor Thread 9] INFO  nextflow.processor.TaskProcessor - [da/6abee7] Cached process > seq_name_replacement (2)
Mar-14 17:41:39.362 [FileTransfer-3] DEBUG nextflow.file.FilePorter - Local cache found for foreign file https://gitlab.pasteur.fr/gmillot/cute_little_R_functions/-/raw/v12.8/cute_little_R_functions.R at /mnt/c/Users/gmillot/Documents/Git_projects/repertoire_profiler/work/stage-cd4d40d3-6fe0-4cac-b9af-975adb1d9df2/92/53a4aaa18d6f50a8b1ce1cd52bc4f4/cute_little_R_functions.R
Mar-14 17:41:39.455 [Actor Thread 38] INFO  nextflow.processor.TaskProcessor - [e6/78e152] Cached process > seq_name_replacement (6)
Mar-14 17:41:39.455 [Actor Thread 36] INFO  nextflow.processor.TaskProcessor - [ce/5ca934] Cached process > seq_name_replacement (5)
Mar-14 17:41:39.456 [Actor Thread 13] INFO  nextflow.processor.TaskProcessor - [e0/971a3e] Cached process > seq_name_replacement (15)
Mar-14 17:41:39.456 [Actor Thread 1] INFO  nextflow.processor.TaskProcessor - [3c/7f1e35] Cached process > seq_name_replacement (1)
Mar-14 17:41:39.457 [Actor Thread 33] INFO  nextflow.processor.TaskProcessor - [12/3b9988] Cached process > seq_name_replacement (9)
Mar-14 17:41:39.457 [Actor Thread 39] INFO  nextflow.processor.TaskProcessor - [ab/c12a51] Cached process > seq_name_replacement (10)
Mar-14 17:41:39.457 [Actor Thread 29] INFO  nextflow.processor.TaskProcessor - [ff/671f37] Cached process > seq_name_replacement (4)
Mar-14 17:41:39.458 [Actor Thread 20] INFO  nextflow.processor.TaskProcessor - [aa/7de9db] Cached process > seq_name_replacement (12)
Mar-14 17:41:39.458 [Actor Thread 34] INFO  nextflow.processor.TaskProcessor - [ad/68b207] Cached process > seq_name_replacement (3)
Mar-14 17:41:39.458 [Actor Thread 28] INFO  nextflow.processor.TaskProcessor - [cb/bec259] Cached process > seq_name_replacement (8)
Mar-14 17:41:39.458 [Actor Thread 24] INFO  nextflow.processor.TaskProcessor - [52/80f193] Cached process > seq_name_replacement (11)
Mar-14 17:41:39.459 [Actor Thread 16] INFO  nextflow.processor.TaskProcessor - [e3/5234ff] Cached process > seq_name_replacement (13)
Mar-14 17:41:39.459 [Actor Thread 35] INFO  nextflow.processor.TaskProcessor - [ba/ef6de2] Cached process > seq_name_replacement (7)
Mar-14 17:41:39.462 [Actor Thread 5] INFO  nextflow.processor.TaskProcessor - [28/1894b9] Cached process > seq_name_replacement (14)
Mar-14 17:41:39.469 [Actor Thread 22] INFO  nextflow.processor.TaskProcessor - [21/eb103b] Cached process > seq_name_replacement (16)
Mar-14 17:41:39.567 [Actor Thread 30] INFO  nextflow.processor.TaskProcessor - [dc/6324d1] Cached process > distance_hist (1)
Mar-14 17:41:39.609 [Actor Thread 30] INFO  nextflow.processor.TaskProcessor - [e1/3ebd20] Cached process > histogram_assembly
Mar-14 17:41:39.805 [Actor Thread 6] DEBUG nextflow.sort.BigSort - Sort completed -- entries: 16; slices: 1; internal sort time: 0.301 s; external sort time: 0.0 s; total time: 0.301 s
Mar-14 17:41:39.808 [Actor Thread 6] DEBUG nextflow.file.FileCollector - >> temp file exists? true
Mar-14 17:41:39.816 [Actor Thread 32] DEBUG nextflow.sort.BigSort - Sort completed -- entries: 16; slices: 1; internal sort time: 0.312 s; external sort time: 0.0 s; total time: 0.312 s
Mar-14 17:41:39.816 [Actor Thread 6] DEBUG nextflow.file.FileCollector - Retrieved cached collect-files from: /mnt/c/Users/gmillot/Documents/Git_projects/repertoire_profiler/work/collect-file/7fafdc4cb43b5c6f7fff4954b5ef2a1f
Mar-14 17:41:39.819 [Actor Thread 32] DEBUG nextflow.file.FileCollector - >> temp file exists? true
Mar-14 17:41:39.822 [Actor Thread 6] DEBUG nextflow.file.FileCollector - Deleting file collector temp dir: /tmp/nxf-8659927710205141999
Mar-14 17:41:39.829 [Actor Thread 32] DEBUG nextflow.file.FileCollector - Retrieved cached collect-files from: /mnt/c/Users/gmillot/Documents/Git_projects/repertoire_profiler/work/collect-file/b0ff4c91630fc5d534994fa343d7ca1f
Mar-14 17:41:39.834 [Actor Thread 32] DEBUG nextflow.file.FileCollector - Deleting file collector temp dir: /tmp/nxf-7375784268498521883
Mar-14 17:41:39.881 [Actor Thread 6] INFO  nextflow.processor.TaskProcessor - [75/fcf092] Cached process > data_assembly (1)
Mar-14 17:41:39.956 [Actor Thread 24] INFO  nextflow.processor.TaskProcessor - [88/568651] Cached process > clone_assignment (1)
Mar-14 17:41:39.995 [Actor Thread 7] INFO  nextflow.processor.TaskProcessor - [a4/6fc2e3] Cached process > split_by_clones (1)
Mar-14 17:41:40.086 [Actor Thread 7] INFO  nextflow.processor.TaskProcessor - [6e/3f9d40] Cached process > closest_germline (4)
Mar-14 17:41:40.086 [Actor Thread 5] INFO  nextflow.processor.TaskProcessor - [62/e043b4] Cached process > closest_germline (2)
Mar-14 17:41:40.086 [Actor Thread 29] INFO  nextflow.processor.TaskProcessor - [d2/be02ca] Cached process > closest_germline (1)
Mar-14 17:41:40.086 [Actor Thread 36] INFO  nextflow.processor.TaskProcessor - [8f/17d26a] Cached process > closest_germline (5)
Mar-14 17:41:40.093 [Actor Thread 39] INFO  nextflow.processor.TaskProcessor - [79/6cf938] Cached process > closest_germline (3)
Mar-14 17:41:40.233 [Actor Thread 5] INFO  nextflow.processor.TaskProcessor - [4c/16fa59] Cached process > mutation_load (1)
Mar-14 17:41:40.233 [Actor Thread 9] INFO  nextflow.processor.TaskProcessor - [07/a6afd9] Cached process > mutation_load (2)
Mar-14 17:41:40.235 [Actor Thread 36] INFO  nextflow.processor.TaskProcessor - [a5/17b7a3] Cached process > mutation_load (4)
Mar-14 17:41:40.236 [Actor Thread 29] INFO  nextflow.processor.TaskProcessor - [cc/f023b5] Cached process > mutation_load (3)
Mar-14 17:41:40.236 [Actor Thread 39] INFO  nextflow.processor.TaskProcessor - [5d/eb522d] Cached process > mutation_load (5)
Mar-14 17:41:40.253 [Actor Thread 13] DEBUG nextflow.sort.BigSort - Sort completed -- entries: 5; slices: 1; internal sort time: 0.079 s; external sort time: 0.001 s; total time: 0.08 s
Mar-14 17:41:40.255 [Actor Thread 13] DEBUG nextflow.file.FileCollector - >> temp file exists? true
Mar-14 17:41:40.261 [Actor Thread 13] DEBUG nextflow.file.FileCollector - Retrieved cached collect-files from: /mnt/c/Users/gmillot/Documents/Git_projects/repertoire_profiler/work/collect-file/af6787315c67dda907cd1925ae9750d2
Mar-14 17:41:40.262 [Actor Thread 13] DEBUG nextflow.file.FileCollector - Deleting file collector temp dir: /tmp/nxf-7160952388871070179
Mar-14 17:41:40.333 [Actor Thread 11] DEBUG nextflow.sort.BigSort - Sort completed -- entries: 5; slices: 1; internal sort time: 0.023 s; external sort time: 0.001 s; total time: 0.024 s
Mar-14 17:41:40.334 [Actor Thread 11] DEBUG nextflow.file.FileCollector - >> temp file exists? true
Mar-14 17:41:40.337 [Actor Thread 7] DEBUG nextflow.sort.BigSort - Sort completed -- entries: 5; slices: 1; internal sort time: 0.032 s; external sort time: 0.0 s; total time: 0.032 s
Mar-14 17:41:40.339 [Actor Thread 7] DEBUG nextflow.file.FileCollector - >> temp file exists? true
Mar-14 17:41:40.339 [Actor Thread 11] DEBUG nextflow.file.FileCollector - Retrieved cached collect-files from: /mnt/c/Users/gmillot/Documents/Git_projects/repertoire_profiler/work/collect-file/e18b58948d32e06b7da4817e43e5801a
Mar-14 17:41:40.342 [Actor Thread 11] DEBUG nextflow.file.FileCollector - Deleting file collector temp dir: /tmp/nxf-7704563951781367713
Mar-14 17:41:40.348 [Actor Thread 7] DEBUG nextflow.file.FileCollector - Retrieved cached collect-files from: /mnt/c/Users/gmillot/Documents/Git_projects/repertoire_profiler/work/collect-file/d7c79d1d5d9691549dc16bfde12d4bd6
Mar-14 17:41:40.349 [Actor Thread 7] DEBUG nextflow.file.FileCollector - Deleting file collector temp dir: /tmp/nxf-7154289880116731569
Mar-14 17:41:40.961 [Task monitor] DEBUG n.processor.TaskPollingMonitor - Task completed > TaskHandler[id: 5; name: backup; status: COMPLETED; exit: 0; error: -; workDir: /mnt/c/Users/gmillot/Documents/Git_projects/repertoire_profiler/work/2a/4fca07abdab7d62350633615e8daff]
Mar-14 17:41:40.963 [Task monitor] DEBUG nextflow.util.ThreadPoolBuilder - Creating thread pool 'TaskFinalizer' minSize=10; maxSize=93; workQueue=LinkedBlockingQueue[10000]; allowCoreThreadTimeout=false
Mar-14 17:41:43.580 [Task monitor] DEBUG n.processor.TaskPollingMonitor - Task completed > TaskHandler[id: 2; name: workflowParam; status: COMPLETED; exit: 0; error: -; workDir: /mnt/c/Users/gmillot/Documents/Git_projects/repertoire_profiler/work/e6/2fda0c85e1feef6ed55073337a2344]
Mar-14 17:42:10.776 [Actor Thread 34] INFO  nextflow.processor.TaskProcessor - [32/c4bf3f] Cached process > metadata_check (1)
Mar-14 17:42:10.783 [Task submitter] DEBUG n.executor.local.LocalTaskHandler - Launch cmd line: /bin/bash -ue .command.run
Mar-14 17:42:10.784 [Task submitter] INFO  nextflow.Session - [e9/199cfa] Submitted process > donut (2)
Mar-14 17:42:10.805 [Task submitter] DEBUG n.executor.local.LocalTaskHandler - Launch cmd line: /bin/bash -ue .command.run
Mar-14 17:42:10.806 [Task submitter] INFO  nextflow.Session - [2c/7f7ce1] Submitted process > donut (1)
Mar-14 17:42:10.819 [Task submitter] DEBUG n.executor.local.LocalTaskHandler - Launch cmd line: /bin/bash -ue .command.run
Mar-14 17:42:10.820 [Task submitter] INFO  nextflow.Session - [f4/e0fadf] Submitted process > donut (4)
Mar-14 17:42:10.834 [Task submitter] DEBUG n.executor.local.LocalTaskHandler - Launch cmd line: /bin/bash -ue .command.run
Mar-14 17:42:10.835 [Task submitter] INFO  nextflow.Session - [1b/6b83de] Submitted process > donut (6)
Mar-14 17:42:10.849 [Task submitter] DEBUG n.executor.local.LocalTaskHandler - Launch cmd line: /bin/bash -ue .command.run
Mar-14 17:42:10.850 [Task submitter] INFO  nextflow.Session - [21/64db86] Submitted process > donut (3)
Mar-14 17:42:10.864 [Task submitter] DEBUG n.executor.local.LocalTaskHandler - Launch cmd line: /bin/bash -ue .command.run
Mar-14 17:42:10.865 [Task submitter] INFO  nextflow.Session - [89/484537] Submitted process > donut (5)
Mar-14 17:42:10.880 [Task submitter] DEBUG n.executor.local.LocalTaskHandler - Launch cmd line: /bin/bash -ue .command.run
Mar-14 17:42:10.880 [Task submitter] INFO  nextflow.Session - [da/3a98f2] Submitted process > donut (7)
Mar-14 17:42:10.895 [Task submitter] DEBUG n.executor.local.LocalTaskHandler - Launch cmd line: /bin/bash -ue .command.run
Mar-14 17:42:10.897 [Task submitter] INFO  nextflow.Session - [c8/542825] Submitted process > donut (8)
Mar-14 17:42:11.629 [Actor Thread 28] INFO  nextflow.processor.TaskProcessor - [1c/f36c03] Cached process > repertoire (1)
Mar-14 17:42:18.534 [Actor Thread 10] INFO  nextflow.processor.TaskProcessor - [b7/01c067] Cached process > get_germ_tree (2)
Mar-14 17:42:18.535 [Actor Thread 5] INFO  nextflow.processor.TaskProcessor - [d1/579121] Cached process > get_germ_tree (1)
Mar-14 17:42:18.536 [Actor Thread 39] INFO  nextflow.processor.TaskProcessor - [b4/5c312b] Cached process > get_germ_tree (5)
Mar-14 17:42:18.536 [Actor Thread 8] INFO  nextflow.processor.TaskProcessor - [ff/7ae254] Cached process > get_germ_tree (3)
Mar-14 17:42:18.562 [Actor Thread 29] INFO  nextflow.processor.TaskProcessor - [3d/a72699] Cached process > get_germ_tree (4)
Mar-14 17:42:18.687 [Actor Thread 12] DEBUG nextflow.sort.BigSort - Sort completed -- entries: 5; slices: 1; internal sort time: 0.069 s; external sort time: 0.0 s; total time: 0.069 s
Mar-14 17:42:18.687 [Actor Thread 19] DEBUG nextflow.sort.BigSort - Sort completed -- entries: 5; slices: 1; internal sort time: 0.07 s; external sort time: 0.0 s; total time: 0.07 s
Mar-14 17:42:18.692 [Actor Thread 12] DEBUG nextflow.file.FileCollector - >> temp file exists? true
Mar-14 17:42:18.692 [Actor Thread 19] DEBUG nextflow.file.FileCollector - >> temp file exists? true
Mar-14 17:42:18.697 [Actor Thread 16] DEBUG nextflow.sort.BigSort - Sort completed -- entries: 5; slices: 1; internal sort time: 0.079 s; external sort time: 0.0 s; total time: 0.079 s
Mar-14 17:42:18.699 [Actor Thread 20] DEBUG nextflow.sort.BigSort - Sort completed -- entries: 5; slices: 1; internal sort time: 0.079 s; external sort time: 0.001 s; total time: 0.08 s
Mar-14 17:42:18.700 [Actor Thread 16] DEBUG nextflow.file.FileCollector - >> temp file exists? true
Mar-14 17:42:18.702 [Actor Thread 20] DEBUG nextflow.file.FileCollector - >> temp file exists? true
Mar-14 17:42:18.708 [Actor Thread 12] DEBUG nextflow.file.FileCollector - Retrieved cached collect-files from: /mnt/c/Users/gmillot/Documents/Git_projects/repertoire_profiler/work/collect-file/e30e505a6e48ee482bdd4aad2009014f
Mar-14 17:42:18.708 [Actor Thread 19] DEBUG nextflow.file.FileCollector - Retrieved cached collect-files from: /mnt/c/Users/gmillot/Documents/Git_projects/repertoire_profiler/work/collect-file/32b17692a564319d7e7820f05bc7532f
Mar-14 17:42:18.712 [Actor Thread 12] DEBUG nextflow.file.FileCollector - Deleting file collector temp dir: /tmp/nxf-17909969469216256592
Mar-14 17:42:18.713 [Actor Thread 19] DEBUG nextflow.file.FileCollector - Deleting file collector temp dir: /tmp/nxf-13489969654492248340
Mar-14 17:42:18.713 [Actor Thread 30] DEBUG nextflow.sort.BigSort - Sort completed -- entries: 5; slices: 1; internal sort time: 0.095 s; external sort time: 0.0 s; total time: 0.095 s
Mar-14 17:42:18.714 [Actor Thread 16] DEBUG nextflow.file.FileCollector - Retrieved cached collect-files from: /mnt/c/Users/gmillot/Documents/Git_projects/repertoire_profiler/work/collect-file/a1fad76d1a9a55529d184929488c03ed
Mar-14 17:42:18.719 [Actor Thread 16] DEBUG nextflow.file.FileCollector - Deleting file collector temp dir: /tmp/nxf-4300393494709025302
Mar-14 17:42:18.719 [Actor Thread 20] DEBUG nextflow.file.FileCollector - Retrieved cached collect-files from: /mnt/c/Users/gmillot/Documents/Git_projects/repertoire_profiler/work/collect-file/467f4dae80ce7b8df96623d9f01bdb1e
Mar-14 17:42:18.723 [Actor Thread 20] DEBUG nextflow.file.FileCollector - Deleting file collector temp dir: /tmp/nxf-3011961705854650764
Mar-14 17:42:18.723 [Actor Thread 30] DEBUG nextflow.file.FileCollector - >> temp file exists? true
Mar-14 17:42:18.742 [Actor Thread 30] DEBUG nextflow.file.FileCollector - Retrieved cached collect-files from: /mnt/c/Users/gmillot/Documents/Git_projects/repertoire_profiler/work/collect-file/73fd3ca446163cd9ef5663a843ffa6c2
Mar-14 17:42:18.744 [Actor Thread 30] DEBUG nextflow.file.FileCollector - Deleting file collector temp dir: /tmp/nxf-10388193050920673385
Mar-14 17:42:45.221 [Task submitter] DEBUG n.executor.local.LocalTaskHandler - Launch cmd line: /bin/bash -ue .command.run
Mar-14 17:42:45.222 [Task submitter] INFO  nextflow.Session - [1b/8ea6fc] Submitted process > donut (11)
Mar-14 17:42:45.246 [Task submitter] DEBUG n.executor.local.LocalTaskHandler - Launch cmd line: /bin/bash -ue .command.run
Mar-14 17:42:45.247 [Task submitter] INFO  nextflow.Session - [31/7e5440] Submitted process > donut (9)
Mar-14 17:42:45.276 [Task submitter] DEBUG n.executor.local.LocalTaskHandler - Launch cmd line: /bin/bash -ue .command.run
Mar-14 17:42:45.277 [Task submitter] INFO  nextflow.Session - [f6/a04aaa] Submitted process > donut (12)
Mar-14 17:42:45.296 [Task submitter] DEBUG n.executor.local.LocalTaskHandler - Launch cmd line: /bin/bash -ue .command.run
Mar-14 17:42:45.297 [Task submitter] INFO  nextflow.Session - [31/ccf68a] Submitted process > donut (10)
Mar-14 17:42:46.031 [Actor Thread 28] INFO  nextflow.processor.TaskProcessor - [b3/1f6798] Cached process > germ_tree_vizu (1)
Mar-14 17:42:46.147 [Actor Thread 1] DEBUG nextflow.sort.BigSort - Sort completed -- entries: 5; slices: 1; internal sort time: 0.059 s; external sort time: 0.0 s; total time: 0.059 s
Mar-14 17:42:46.151 [Actor Thread 1] DEBUG nextflow.file.FileCollector - >> temp file exists? true
Mar-14 17:42:46.165 [Actor Thread 1] DEBUG nextflow.file.FileCollector - Retrieved cached collect-files from: /mnt/c/Users/gmillot/Documents/Git_projects/repertoire_profiler/work/collect-file/471bb442441c31c303b5b1d1ef239232
Mar-14 17:42:46.166 [Actor Thread 1] DEBUG nextflow.file.FileCollector - Deleting file collector temp dir: /tmp/nxf-430324602040457070
Mar-14 17:43:42.069 [Task monitor] DEBUG n.processor.TaskPollingMonitor - Task completed > TaskHandler[id: 94; name: donut (4); status: COMPLETED; exit: 0; error: -; workDir: /mnt/c/Users/gmillot/Documents/Git_projects/repertoire_profiler/work/f4/e0fadf89498a9b8e932e12aa18382e]
Mar-14 17:43:42.117 [Task monitor] DEBUG n.processor.TaskPollingMonitor - Task completed > TaskHandler[id: 96; name: donut (6); status: COMPLETED; exit: 0; error: -; workDir: /mnt/c/Users/gmillot/Documents/Git_projects/repertoire_profiler/work/1b/6b83de65de03f0ddb0dedd9544a5c7]
Mar-14 17:43:43.432 [Task monitor] DEBUG n.processor.TaskPollingMonitor - Task completed > TaskHandler[id: 92; name: donut (2); status: COMPLETED; exit: 0; error: -; workDir: /mnt/c/Users/gmillot/Documents/Git_projects/repertoire_profiler/work/e9/199cfa37fa1fb1f4640b99cc8b02ba]
Mar-14 17:43:44.032 [Task monitor] DEBUG n.processor.TaskPollingMonitor - Task completed > TaskHandler[id: 98; name: donut (8); status: COMPLETED; exit: 0; error: -; workDir: /mnt/c/Users/gmillot/Documents/Git_projects/repertoire_profiler/work/c8/54282521ebe0c713a9b3c395b97d3e]
Mar-14 17:43:46.886 [Task monitor] DEBUG n.processor.TaskPollingMonitor - Task completed > TaskHandler[id: 95; name: donut (5); status: COMPLETED; exit: 0; error: -; workDir: /mnt/c/Users/gmillot/Documents/Git_projects/repertoire_profiler/work/89/484537e0ba852ce0b747a38850f1ec]
Mar-14 17:43:46.960 [Task monitor] DEBUG n.processor.TaskPollingMonitor - Task completed > TaskHandler[id: 97; name: donut (7); status: COMPLETED; exit: 0; error: -; workDir: /mnt/c/Users/gmillot/Documents/Git_projects/repertoire_profiler/work/da/3a98f259262127fd11b13a1cffa4b7]
Mar-14 17:43:47.150 [Task monitor] DEBUG n.processor.TaskPollingMonitor - Task completed > TaskHandler[id: 91; name: donut (1); status: COMPLETED; exit: 0; error: -; workDir: /mnt/c/Users/gmillot/Documents/Git_projects/repertoire_profiler/work/2c/7f7ce1ef2de6c24de97afdfb277c77]
Mar-14 17:43:47.770 [Task monitor] DEBUG n.processor.TaskPollingMonitor - Task completed > TaskHandler[id: 93; name: donut (3); status: COMPLETED; exit: 0; error: -; workDir: /mnt/c/Users/gmillot/Documents/Git_projects/repertoire_profiler/work/21/64db8623aa072fbd053a381369f222]
Mar-14 17:44:06.728 [Task monitor] DEBUG n.processor.TaskPollingMonitor - Task completed > TaskHandler[id: 117; name: donut (10); status: COMPLETED; exit: 0; error: -; workDir: /mnt/c/Users/gmillot/Documents/Git_projects/repertoire_profiler/work/31/ccf68a0ac56e58e3045023918d90cd]
Mar-14 17:44:07.293 [Task monitor] DEBUG n.processor.TaskPollingMonitor - Task completed > TaskHandler[id: 116; name: donut (9); status: COMPLETED; exit: 0; error: -; workDir: /mnt/c/Users/gmillot/Documents/Git_projects/repertoire_profiler/work/31/7e5440c35533abd1d4e270649f9218]
Mar-14 17:44:07.728 [Task monitor] DEBUG n.processor.TaskPollingMonitor - Task completed > TaskHandler[id: 119; name: donut (12); status: COMPLETED; exit: 0; error: -; workDir: /mnt/c/Users/gmillot/Documents/Git_projects/repertoire_profiler/work/f6/a04aaa3efe19c1e2c185d991589c99]
Mar-14 17:44:08.139 [Task monitor] DEBUG n.processor.TaskPollingMonitor - Task completed > TaskHandler[id: 118; name: donut (11); status: COMPLETED; exit: 0; error: -; workDir: /mnt/c/Users/gmillot/Documents/Git_projects/repertoire_profiler/work/1b/8ea6fc2f9ca7c2fb90e5062c8ffd4b]
Mar-14 17:44:08.450 [Task submitter] DEBUG n.executor.local.LocalTaskHandler - Launch cmd line: /bin/bash -ue .command.run
Mar-14 17:44:08.451 [Task submitter] INFO  nextflow.Session - [28/c3f3fa] Submitted process > donut_assembly
Mar-14 17:44:08.484 [Actor Thread 16] DEBUG nextflow.sort.BigSort - Sort completed -- entries: 12; slices: 1; internal sort time: 0.198 s; external sort time: 0.0 s; total time: 0.198 s
Mar-14 17:44:08.486 [Actor Thread 16] DEBUG nextflow.file.FileCollector - >> temp file exists? false
Mar-14 17:44:08.488 [Actor Thread 16] DEBUG nextflow.file.FileCollector - Missed collect-file cache -- cause: java.nio.file.NoSuchFileException: /mnt/c/Users/gmillot/Documents/Git_projects/repertoire_profiler/work/collect-file/e72473282e086887362d8fc20731e2cc
Mar-14 17:44:08.601 [Actor Thread 16] DEBUG nextflow.file.FileCollector - Saved collect-files list to: /mnt/c/Users/gmillot/Documents/Git_projects/repertoire_profiler/work/collect-file/e72473282e086887362d8fc20731e2cc
Mar-14 17:44:08.605 [Actor Thread 16] DEBUG nextflow.file.FileCollector - Deleting file collector temp dir: /tmp/nxf-8278039971778210116
Mar-14 17:44:08.809 [Task submitter] DEBUG n.executor.local.LocalTaskHandler - Launch cmd line: /bin/bash -ue .command.run
Mar-14 17:44:08.810 [Task submitter] INFO  nextflow.Session - [b1/5b909d] Submitted process > print_report
Mar-14 17:44:21.684 [Task monitor] DEBUG n.processor.TaskPollingMonitor - Task completed > TaskHandler[id: 120; name: donut_assembly; status: COMPLETED; exit: 0; error: -; workDir: /mnt/c/Users/gmillot/Documents/Git_projects/repertoire_profiler/work/28/c3f3fa82b7cfe24f95253e008bf33a]
Mar-14 17:44:30.688 [Task monitor] DEBUG n.processor.TaskPollingMonitor - Task completed > TaskHandler[id: 121; name: print_report; status: COMPLETED; exit: 0; error: -; workDir: /mnt/c/Users/gmillot/Documents/Git_projects/repertoire_profiler/work/b1/5b909d4604939cfaf89bc0dbd0c33c]
Mar-14 17:44:30.705 [main] DEBUG nextflow.Session - Session await > all processes finished
Mar-14 17:44:30.788 [Task monitor] DEBUG n.processor.TaskPollingMonitor - <<< barrier arrives (monitor: local) - terminating tasks monitor poll loop
Mar-14 17:44:30.788 [main] DEBUG nextflow.Session - Session await > all barriers passed
Mar-14 17:44:30.792 [main] DEBUG nextflow.util.ThreadPoolManager - Thread pool 'TaskFinalizer' shutdown completed (hard=false)
Mar-14 17:44:30.845 [main] DEBUG nextflow.util.ThreadPoolManager - Thread pool 'PublishDir' shutdown completed (hard=false)
Mar-14 17:44:30.857 [main] DEBUG n.trace.WorkflowStatsObserver - Workflow completed > WorkflowStats[succeededCount=16; failedCount=0; ignoredCount=0; cachedCount=105; pendingCount=0; submittedCount=0; runningCount=0; retriesCount=0; abortedCount=0; succeedDuration=17m 7s; failedDuration=0ms; cachedDuration=3h 54m 52s;loadCpus=0; loadMemory=0; peakRunning=12; peakCpus=12; peakMemory=36 GB; ]
Mar-14 17:44:30.857 [main] DEBUG nextflow.trace.TraceFileObserver - Workflow completed -- saving trace file
Mar-14 17:44:30.862 [main] DEBUG nextflow.trace.ReportObserver - Workflow completed -- rendering execution report
Mar-14 17:44:31.307 [main] DEBUG nextflow.trace.TimelineObserver - Workflow completed -- rendering execution timeline
Mar-14 17:44:31.977 [main] DEBUG nextflow.cache.CacheDB - Closing CacheDB done
Mar-14 17:44:32.037 [main] DEBUG nextflow.util.ThreadPoolManager - Thread pool 'FileTransfer' shutdown completed (hard=false)
Mar-14 17:44:32.045 [main] DEBUG nextflow.script.ScriptRunner - > Execution complete -- Goodbye
