80_all_igblast_seq_parse-select_clone-pass_germ-pass.tsv_shm-pass.tsv:
LESS THAN 5 SEQUENCES FOR THE CLONAL GROUP: NO TREE COMPUTED
44_all_igblast_seq_parse-select_clone-pass_germ-pass.tsv_shm-pass.tsv:
LESS THAN 5 SEQUENCES FOR THE CLONAL GROUP: NO TREE COMPUTED
36_all_igblast_seq_parse-select_clone-pass_germ-pass.tsv_shm-pass.tsv:
LESS THAN 5 SEQUENCES FOR THE CLONAL GROUP: NO TREE COMPUTED
13_all_igblast_seq_parse-select_clone-pass_germ-pass.tsv_shm-pass.tsv:
LESS THAN 5 SEQUENCES FOR THE CLONAL GROUP: NO TREE COMPUTED
86_all_igblast_seq_parse-select_clone-pass_germ-pass.tsv_shm-pass.tsv:
LESS THAN 5 SEQUENCES FOR THE CLONAL GROUP: NO TREE COMPUTED
98_all_igblast_seq_parse-select_clone-pass_germ-pass.tsv_shm-pass.tsv:
LESS THAN 5 SEQUENCES FOR THE CLONAL GROUP: NO TREE COMPUTED
95_all_igblast_seq_parse-select_clone-pass_germ-pass.tsv_shm-pass.tsv:
LESS THAN 5 SEQUENCES FOR THE CLONAL GROUP: NO TREE COMPUTED
77_all_igblast_seq_parse-select_clone-pass_germ-pass.tsv_shm-pass.tsv:
LESS THAN 5 SEQUENCES FOR THE CLONAL GROUP: NO TREE COMPUTED
27_all_igblast_seq_parse-select_clone-pass_germ-pass.tsv_shm-pass.tsv:
LESS THAN 5 SEQUENCES FOR THE CLONAL GROUP: NO TREE COMPUTED
130_all_igblast_seq_parse-select_clone-pass_germ-pass.tsv_shm-pass.tsv:
LESS THAN 5 SEQUENCES FOR THE CLONAL GROUP: NO TREE COMPUTED
29_all_igblast_seq_parse-select_clone-pass_germ-pass.tsv_shm-pass.tsv:
LESS THAN 5 SEQUENCES FOR THE CLONAL GROUP: NO TREE COMPUTED
51_all_igblast_seq_parse-select_clone-pass_germ-pass.tsv_shm-pass.tsv:
LESS THAN 5 SEQUENCES FOR THE CLONAL GROUP: NO TREE COMPUTED
15_all_igblast_seq_parse-select_clone-pass_germ-pass.tsv_shm-pass.tsv:
LESS THAN 5 SEQUENCES FOR THE CLONAL GROUP: NO TREE COMPUTED
26_all_igblast_seq_parse-select_clone-pass_germ-pass.tsv_shm-pass.tsv:
LESS THAN 5 SEQUENCES FOR THE CLONAL GROUP: NO TREE COMPUTED
63_all_igblast_seq_parse-select_clone-pass_germ-pass.tsv_shm-pass.tsv:
LESS THAN 5 SEQUENCES FOR THE CLONAL GROUP: NO TREE COMPUTED
101_all_igblast_seq_parse-select_clone-pass_germ-pass.tsv_shm-pass.tsv:
LESS THAN 5 SEQUENCES FOR THE CLONAL GROUP: NO TREE COMPUTED
17_all_igblast_seq_parse-select_clone-pass_germ-pass.tsv_shm-pass.tsv:
LESS THAN 5 SEQUENCES FOR THE CLONAL GROUP: NO TREE COMPUTED
50_all_igblast_seq_parse-select_clone-pass_germ-pass.tsv_shm-pass.tsv:
LESS THAN 5 SEQUENCES FOR THE CLONAL GROUP: NO TREE COMPUTED
85_all_igblast_seq_parse-select_clone-pass_germ-pass.tsv_shm-pass.tsv:
LESS THAN 5 SEQUENCES FOR THE CLONAL GROUP: NO TREE COMPUTED
99_all_igblast_seq_parse-select_clone-pass_germ-pass.tsv_shm-pass.tsv:
LESS THAN 5 SEQUENCES FOR THE CLONAL GROUP: NO TREE COMPUTED
93_all_igblast_seq_parse-select_clone-pass_germ-pass.tsv_shm-pass.tsv:
LESS THAN 5 SEQUENCES FOR THE CLONAL GROUP: NO TREE COMPUTED
96_all_igblast_seq_parse-select_clone-pass_germ-pass.tsv_shm-pass.tsv:
Warning message:
In buildIgphyml(data, igphyml = exec, temp_path = file.path(dir,  :
  Dowser igphyml doesn't mask split codons!
3_all_igblast_seq_parse-select_clone-pass_germ-pass.tsv_shm-pass.tsv:
LESS THAN 5 SEQUENCES FOR THE CLONAL GROUP: NO TREE COMPUTED
73_all_igblast_seq_parse-select_clone-pass_germ-pass.tsv_shm-pass.tsv:
LESS THAN 5 SEQUENCES FOR THE CLONAL GROUP: NO TREE COMPUTED
131_all_igblast_seq_parse-select_clone-pass_germ-pass.tsv_shm-pass.tsv:
LESS THAN 5 SEQUENCES FOR THE CLONAL GROUP: NO TREE COMPUTED
46_all_igblast_seq_parse-select_clone-pass_germ-pass.tsv_shm-pass.tsv:
LESS THAN 5 SEQUENCES FOR THE CLONAL GROUP: NO TREE COMPUTED
67_all_igblast_seq_parse-select_clone-pass_germ-pass.tsv_shm-pass.tsv:
LESS THAN 5 SEQUENCES FOR THE CLONAL GROUP: NO TREE COMPUTED
20_all_igblast_seq_parse-select_clone-pass_germ-pass.tsv_shm-pass.tsv:
LESS THAN 5 SEQUENCES FOR THE CLONAL GROUP: NO TREE COMPUTED
10_all_igblast_seq_parse-select_clone-pass_germ-pass.tsv_shm-pass.tsv:
LESS THAN 5 SEQUENCES FOR THE CLONAL GROUP: NO TREE COMPUTED
1_all_igblast_seq_parse-select_clone-pass_germ-pass.tsv_shm-pass.tsv:
LESS THAN 5 SEQUENCES FOR THE CLONAL GROUP: NO TREE COMPUTED
106_all_igblast_seq_parse-select_clone-pass_germ-pass.tsv_shm-pass.tsv:
LESS THAN 5 SEQUENCES FOR THE CLONAL GROUP: NO TREE COMPUTED
9_all_igblast_seq_parse-select_clone-pass_germ-pass.tsv_shm-pass.tsv:
LESS THAN 5 SEQUENCES FOR THE CLONAL GROUP: NO TREE COMPUTED
115_all_igblast_seq_parse-select_clone-pass_germ-pass.tsv_shm-pass.tsv:
LESS THAN 5 SEQUENCES FOR THE CLONAL GROUP: NO TREE COMPUTED
87_all_igblast_seq_parse-select_clone-pass_germ-pass.tsv_shm-pass.tsv:
LESS THAN 5 SEQUENCES FOR THE CLONAL GROUP: NO TREE COMPUTED
103_all_igblast_seq_parse-select_clone-pass_germ-pass.tsv_shm-pass.tsv:
LESS THAN 5 SEQUENCES FOR THE CLONAL GROUP: NO TREE COMPUTED
52_all_igblast_seq_parse-select_clone-pass_germ-pass.tsv_shm-pass.tsv:
LESS THAN 5 SEQUENCES FOR THE CLONAL GROUP: NO TREE COMPUTED
74_all_igblast_seq_parse-select_clone-pass_germ-pass.tsv_shm-pass.tsv:
LESS THAN 5 SEQUENCES FOR THE CLONAL GROUP: NO TREE COMPUTED
39_all_igblast_seq_parse-select_clone-pass_germ-pass.tsv_shm-pass.tsv:
LESS THAN 5 SEQUENCES FOR THE CLONAL GROUP: NO TREE COMPUTED
60_all_igblast_seq_parse-select_clone-pass_germ-pass.tsv_shm-pass.tsv:
LESS THAN 5 SEQUENCES FOR THE CLONAL GROUP: NO TREE COMPUTED
90_all_igblast_seq_parse-select_clone-pass_germ-pass.tsv_shm-pass.tsv:
LESS THAN 5 SEQUENCES FOR THE CLONAL GROUP: NO TREE COMPUTED
116_all_igblast_seq_parse-select_clone-pass_germ-pass.tsv_shm-pass.tsv:
LESS THAN 5 SEQUENCES FOR THE CLONAL GROUP: NO TREE COMPUTED
91_all_igblast_seq_parse-select_clone-pass_germ-pass.tsv_shm-pass.tsv:
LESS THAN 5 SEQUENCES FOR THE CLONAL GROUP: NO TREE COMPUTED
92_all_igblast_seq_parse-select_clone-pass_germ-pass.tsv_shm-pass.tsv:
LESS THAN 5 SEQUENCES FOR THE CLONAL GROUP: NO TREE COMPUTED
42_all_igblast_seq_parse-select_clone-pass_germ-pass.tsv_shm-pass.tsv:
LESS THAN 5 SEQUENCES FOR THE CLONAL GROUP: NO TREE COMPUTED
11_all_igblast_seq_parse-select_clone-pass_germ-pass.tsv_shm-pass.tsv:
LESS THAN 5 SEQUENCES FOR THE CLONAL GROUP: NO TREE COMPUTED
5_all_igblast_seq_parse-select_clone-pass_germ-pass.tsv_shm-pass.tsv:
LESS THAN 5 SEQUENCES FOR THE CLONAL GROUP: NO TREE COMPUTED
124_all_igblast_seq_parse-select_clone-pass_germ-pass.tsv_shm-pass.tsv:
LESS THAN 5 SEQUENCES FOR THE CLONAL GROUP: NO TREE COMPUTED
126_all_igblast_seq_parse-select_clone-pass_germ-pass.tsv_shm-pass.tsv:
LESS THAN 5 SEQUENCES FOR THE CLONAL GROUP: NO TREE COMPUTED
48_all_igblast_seq_parse-select_clone-pass_germ-pass.tsv_shm-pass.tsv:
LESS THAN 5 SEQUENCES FOR THE CLONAL GROUP: NO TREE COMPUTED
88_all_igblast_seq_parse-select_clone-pass_germ-pass.tsv_shm-pass.tsv:
LESS THAN 5 SEQUENCES FOR THE CLONAL GROUP: NO TREE COMPUTED
97_all_igblast_seq_parse-select_clone-pass_germ-pass.tsv_shm-pass.tsv:
LESS THAN 5 SEQUENCES FOR THE CLONAL GROUP: NO TREE COMPUTED
133_all_igblast_seq_parse-select_clone-pass_germ-pass.tsv_shm-pass.tsv:
LESS THAN 5 SEQUENCES FOR THE CLONAL GROUP: NO TREE COMPUTED
30_all_igblast_seq_parse-select_clone-pass_germ-pass.tsv_shm-pass.tsv:
LESS THAN 5 SEQUENCES FOR THE CLONAL GROUP: NO TREE COMPUTED
32_all_igblast_seq_parse-select_clone-pass_germ-pass.tsv_shm-pass.tsv:
LESS THAN 5 SEQUENCES FOR THE CLONAL GROUP: NO TREE COMPUTED
84_all_igblast_seq_parse-select_clone-pass_germ-pass.tsv_shm-pass.tsv:
LESS THAN 5 SEQUENCES FOR THE CLONAL GROUP: NO TREE COMPUTED
23_all_igblast_seq_parse-select_clone-pass_germ-pass.tsv_shm-pass.tsv:
LESS THAN 5 SEQUENCES FOR THE CLONAL GROUP: NO TREE COMPUTED
40_all_igblast_seq_parse-select_clone-pass_germ-pass.tsv_shm-pass.tsv:
LESS THAN 5 SEQUENCES FOR THE CLONAL GROUP: NO TREE COMPUTED
18_all_igblast_seq_parse-select_clone-pass_germ-pass.tsv_shm-pass.tsv:
LESS THAN 5 SEQUENCES FOR THE CLONAL GROUP: NO TREE COMPUTED
53_all_igblast_seq_parse-select_clone-pass_germ-pass.tsv_shm-pass.tsv:
Warning message:
In buildIgphyml(data, igphyml = exec, temp_path = file.path(dir,  :
  Dowser igphyml doesn't mask split codons!
43_all_igblast_seq_parse-select_clone-pass_germ-pass.tsv_shm-pass.tsv:
LESS THAN 5 SEQUENCES FOR THE CLONAL GROUP: NO TREE COMPUTED
89_all_igblast_seq_parse-select_clone-pass_germ-pass.tsv_shm-pass.tsv:
LESS THAN 5 SEQUENCES FOR THE CLONAL GROUP: NO TREE COMPUTED
7_all_igblast_seq_parse-select_clone-pass_germ-pass.tsv_shm-pass.tsv:
LESS THAN 5 SEQUENCES FOR THE CLONAL GROUP: NO TREE COMPUTED
41_all_igblast_seq_parse-select_clone-pass_germ-pass.tsv_shm-pass.tsv:
Warning message:
In buildIgphyml(data, igphyml = exec, temp_path = file.path(dir,  :
  Dowser igphyml doesn't mask split codons!
109_all_igblast_seq_parse-select_clone-pass_germ-pass.tsv_shm-pass.tsv:
LESS THAN 5 SEQUENCES FOR THE CLONAL GROUP: NO TREE COMPUTED
47_all_igblast_seq_parse-select_clone-pass_germ-pass.tsv_shm-pass.tsv:
LESS THAN 5 SEQUENCES FOR THE CLONAL GROUP: NO TREE COMPUTED
33_all_igblast_seq_parse-select_clone-pass_germ-pass.tsv_shm-pass.tsv:
LESS THAN 5 SEQUENCES FOR THE CLONAL GROUP: NO TREE COMPUTED
75_all_igblast_seq_parse-select_clone-pass_germ-pass.tsv_shm-pass.tsv:
LESS THAN 5 SEQUENCES FOR THE CLONAL GROUP: NO TREE COMPUTED
59_all_igblast_seq_parse-select_clone-pass_germ-pass.tsv_shm-pass.tsv:
LESS THAN 5 SEQUENCES FOR THE CLONAL GROUP: NO TREE COMPUTED
81_all_igblast_seq_parse-select_clone-pass_germ-pass.tsv_shm-pass.tsv:
LESS THAN 5 SEQUENCES FOR THE CLONAL GROUP: NO TREE COMPUTED
136_all_igblast_seq_parse-select_clone-pass_germ-pass.tsv_shm-pass.tsv:
LESS THAN 5 SEQUENCES FOR THE CLONAL GROUP: NO TREE COMPUTED
37_all_igblast_seq_parse-select_clone-pass_germ-pass.tsv_shm-pass.tsv:
LESS THAN 5 SEQUENCES FOR THE CLONAL GROUP: NO TREE COMPUTED
61_all_igblast_seq_parse-select_clone-pass_germ-pass.tsv_shm-pass.tsv:
LESS THAN 5 SEQUENCES FOR THE CLONAL GROUP: NO TREE COMPUTED
70_all_igblast_seq_parse-select_clone-pass_germ-pass.tsv_shm-pass.tsv:
Warning message:
In buildIgphyml(data, igphyml = exec, temp_path = file.path(dir,  :
  Dowser igphyml doesn't mask split codons!
19_all_igblast_seq_parse-select_clone-pass_germ-pass.tsv_shm-pass.tsv:
LESS THAN 5 SEQUENCES FOR THE CLONAL GROUP: NO TREE COMPUTED
128_all_igblast_seq_parse-select_clone-pass_germ-pass.tsv_shm-pass.tsv:
Warning message:
In buildIgphyml(data, igphyml = exec, temp_path = file.path(dir,  :
  Dowser igphyml doesn't mask split codons!
122_all_igblast_seq_parse-select_clone-pass_germ-pass.tsv_shm-pass.tsv:
LESS THAN 5 SEQUENCES FOR THE CLONAL GROUP: NO TREE COMPUTED
108_all_igblast_seq_parse-select_clone-pass_germ-pass.tsv_shm-pass.tsv:
LESS THAN 5 SEQUENCES FOR THE CLONAL GROUP: NO TREE COMPUTED
105_all_igblast_seq_parse-select_clone-pass_germ-pass.tsv_shm-pass.tsv:
LESS THAN 5 SEQUENCES FOR THE CLONAL GROUP: NO TREE COMPUTED
49_all_igblast_seq_parse-select_clone-pass_germ-pass.tsv_shm-pass.tsv:
LESS THAN 5 SEQUENCES FOR THE CLONAL GROUP: NO TREE COMPUTED
68_all_igblast_seq_parse-select_clone-pass_germ-pass.tsv_shm-pass.tsv:
LESS THAN 5 SEQUENCES FOR THE CLONAL GROUP: NO TREE COMPUTED
69_all_igblast_seq_parse-select_clone-pass_germ-pass.tsv_shm-pass.tsv:
LESS THAN 5 SEQUENCES FOR THE CLONAL GROUP: NO TREE COMPUTED
4_all_igblast_seq_parse-select_clone-pass_germ-pass.tsv_shm-pass.tsv:
LESS THAN 5 SEQUENCES FOR THE CLONAL GROUP: NO TREE COMPUTED
66_all_igblast_seq_parse-select_clone-pass_germ-pass.tsv_shm-pass.tsv:
LESS THAN 5 SEQUENCES FOR THE CLONAL GROUP: NO TREE COMPUTED
55_all_igblast_seq_parse-select_clone-pass_germ-pass.tsv_shm-pass.tsv:
Warning message:
In buildIgphyml(data, igphyml = exec, temp_path = file.path(dir,  :
  Dowser igphyml doesn't mask split codons!
64_all_igblast_seq_parse-select_clone-pass_germ-pass.tsv_shm-pass.tsv:
LESS THAN 5 SEQUENCES FOR THE CLONAL GROUP: NO TREE COMPUTED
121_all_igblast_seq_parse-select_clone-pass_germ-pass.tsv_shm-pass.tsv:
LESS THAN 5 SEQUENCES FOR THE CLONAL GROUP: NO TREE COMPUTED
120_all_igblast_seq_parse-select_clone-pass_germ-pass.tsv_shm-pass.tsv:
LESS THAN 5 SEQUENCES FOR THE CLONAL GROUP: NO TREE COMPUTED
102_all_igblast_seq_parse-select_clone-pass_germ-pass.tsv_shm-pass.tsv:
LESS THAN 5 SEQUENCES FOR THE CLONAL GROUP: NO TREE COMPUTED
72_all_igblast_seq_parse-select_clone-pass_germ-pass.tsv_shm-pass.tsv:
LESS THAN 5 SEQUENCES FOR THE CLONAL GROUP: NO TREE COMPUTED
38_all_igblast_seq_parse-select_clone-pass_germ-pass.tsv_shm-pass.tsv:
LESS THAN 5 SEQUENCES FOR THE CLONAL GROUP: NO TREE COMPUTED
107_all_igblast_seq_parse-select_clone-pass_germ-pass.tsv_shm-pass.tsv:
LESS THAN 5 SEQUENCES FOR THE CLONAL GROUP: NO TREE COMPUTED
54_all_igblast_seq_parse-select_clone-pass_germ-pass.tsv_shm-pass.tsv:
LESS THAN 5 SEQUENCES FOR THE CLONAL GROUP: NO TREE COMPUTED
25_all_igblast_seq_parse-select_clone-pass_germ-pass.tsv_shm-pass.tsv:
LESS THAN 5 SEQUENCES FOR THE CLONAL GROUP: NO TREE COMPUTED
28_all_igblast_seq_parse-select_clone-pass_germ-pass.tsv_shm-pass.tsv:
LESS THAN 5 SEQUENCES FOR THE CLONAL GROUP: NO TREE COMPUTED
119_all_igblast_seq_parse-select_clone-pass_germ-pass.tsv_shm-pass.tsv:
LESS THAN 5 SEQUENCES FOR THE CLONAL GROUP: NO TREE COMPUTED
35_all_igblast_seq_parse-select_clone-pass_germ-pass.tsv_shm-pass.tsv:
LESS THAN 5 SEQUENCES FOR THE CLONAL GROUP: NO TREE COMPUTED
31_all_igblast_seq_parse-select_clone-pass_germ-pass.tsv_shm-pass.tsv:
LESS THAN 5 SEQUENCES FOR THE CLONAL GROUP: NO TREE COMPUTED
34_all_igblast_seq_parse-select_clone-pass_germ-pass.tsv_shm-pass.tsv:
LESS THAN 5 SEQUENCES FOR THE CLONAL GROUP: NO TREE COMPUTED
118_all_igblast_seq_parse-select_clone-pass_germ-pass.tsv_shm-pass.tsv:
LESS THAN 5 SEQUENCES FOR THE CLONAL GROUP: NO TREE COMPUTED
6_all_igblast_seq_parse-select_clone-pass_germ-pass.tsv_shm-pass.tsv:
LESS THAN 5 SEQUENCES FOR THE CLONAL GROUP: NO TREE COMPUTED
78_all_igblast_seq_parse-select_clone-pass_germ-pass.tsv_shm-pass.tsv:
LESS THAN 5 SEQUENCES FOR THE CLONAL GROUP: NO TREE COMPUTED
110_all_igblast_seq_parse-select_clone-pass_germ-pass.tsv_shm-pass.tsv:
Warning message:
In buildIgphyml(data, igphyml = exec, temp_path = file.path(dir,  :
  Dowser igphyml doesn't mask split codons!
127_all_igblast_seq_parse-select_clone-pass_germ-pass.tsv_shm-pass.tsv:
LESS THAN 5 SEQUENCES FOR THE CLONAL GROUP: NO TREE COMPUTED
57_all_igblast_seq_parse-select_clone-pass_germ-pass.tsv_shm-pass.tsv:
Warning message:
In buildIgphyml(data, igphyml = exec, temp_path = file.path(dir,  :
  Dowser igphyml doesn't mask split codons!
104_all_igblast_seq_parse-select_clone-pass_germ-pass.tsv_shm-pass.tsv:
LESS THAN 5 SEQUENCES FOR THE CLONAL GROUP: NO TREE COMPUTED
137_all_igblast_seq_parse-select_clone-pass_germ-pass.tsv_shm-pass.tsv:
LESS THAN 5 SEQUENCES FOR THE CLONAL GROUP: NO TREE COMPUTED
24_all_igblast_seq_parse-select_clone-pass_germ-pass.tsv_shm-pass.tsv:
LESS THAN 5 SEQUENCES FOR THE CLONAL GROUP: NO TREE COMPUTED
94_all_igblast_seq_parse-select_clone-pass_germ-pass.tsv_shm-pass.tsv:
LESS THAN 5 SEQUENCES FOR THE CLONAL GROUP: NO TREE COMPUTED
125_all_igblast_seq_parse-select_clone-pass_germ-pass.tsv_shm-pass.tsv:
LESS THAN 5 SEQUENCES FOR THE CLONAL GROUP: NO TREE COMPUTED
62_all_igblast_seq_parse-select_clone-pass_germ-pass.tsv_shm-pass.tsv:
Warning message:
In buildIgphyml(data, igphyml = exec, temp_path = file.path(dir,  :
  Dowser igphyml doesn't mask split codons!
114_all_igblast_seq_parse-select_clone-pass_germ-pass.tsv_shm-pass.tsv:
LESS THAN 5 SEQUENCES FOR THE CLONAL GROUP: NO TREE COMPUTED
21_all_igblast_seq_parse-select_clone-pass_germ-pass.tsv_shm-pass.tsv:
LESS THAN 5 SEQUENCES FOR THE CLONAL GROUP: NO TREE COMPUTED
56_all_igblast_seq_parse-select_clone-pass_germ-pass.tsv_shm-pass.tsv:
Warning message:
In buildIgphyml(data, igphyml = exec, temp_path = file.path(dir,  :
  Dowser igphyml doesn't mask split codons!
79_all_igblast_seq_parse-select_clone-pass_germ-pass.tsv_shm-pass.tsv:
LESS THAN 5 SEQUENCES FOR THE CLONAL GROUP: NO TREE COMPUTED
76_all_igblast_seq_parse-select_clone-pass_germ-pass.tsv_shm-pass.tsv:
LESS THAN 5 SEQUENCES FOR THE CLONAL GROUP: NO TREE COMPUTED
22_all_igblast_seq_parse-select_clone-pass_germ-pass.tsv_shm-pass.tsv:
LESS THAN 5 SEQUENCES FOR THE CLONAL GROUP: NO TREE COMPUTED
113_all_igblast_seq_parse-select_clone-pass_germ-pass.tsv_shm-pass.tsv:
LESS THAN 5 SEQUENCES FOR THE CLONAL GROUP: NO TREE COMPUTED
82_all_igblast_seq_parse-select_clone-pass_germ-pass.tsv_shm-pass.tsv:
LESS THAN 5 SEQUENCES FOR THE CLONAL GROUP: NO TREE COMPUTED
135_all_igblast_seq_parse-select_clone-pass_germ-pass.tsv_shm-pass.tsv:
LESS THAN 5 SEQUENCES FOR THE CLONAL GROUP: NO TREE COMPUTED
111_all_igblast_seq_parse-select_clone-pass_germ-pass.tsv_shm-pass.tsv:
LESS THAN 5 SEQUENCES FOR THE CLONAL GROUP: NO TREE COMPUTED
123_all_igblast_seq_parse-select_clone-pass_germ-pass.tsv_shm-pass.tsv:
LESS THAN 5 SEQUENCES FOR THE CLONAL GROUP: NO TREE COMPUTED
65_all_igblast_seq_parse-select_clone-pass_germ-pass.tsv_shm-pass.tsv:
LESS THAN 5 SEQUENCES FOR THE CLONAL GROUP: NO TREE COMPUTED
134_all_igblast_seq_parse-select_clone-pass_germ-pass.tsv_shm-pass.tsv:
LESS THAN 5 SEQUENCES FOR THE CLONAL GROUP: NO TREE COMPUTED
112_all_igblast_seq_parse-select_clone-pass_germ-pass.tsv_shm-pass.tsv:
LESS THAN 5 SEQUENCES FOR THE CLONAL GROUP: NO TREE COMPUTED
16_all_igblast_seq_parse-select_clone-pass_germ-pass.tsv_shm-pass.tsv:
LESS THAN 5 SEQUENCES FOR THE CLONAL GROUP: NO TREE COMPUTED
14_all_igblast_seq_parse-select_clone-pass_germ-pass.tsv_shm-pass.tsv:
LESS THAN 5 SEQUENCES FOR THE CLONAL GROUP: NO TREE COMPUTED
12_all_igblast_seq_parse-select_clone-pass_germ-pass.tsv_shm-pass.tsv:
LESS THAN 5 SEQUENCES FOR THE CLONAL GROUP: NO TREE COMPUTED
100_all_igblast_seq_parse-select_clone-pass_germ-pass.tsv_shm-pass.tsv:
LESS THAN 5 SEQUENCES FOR THE CLONAL GROUP: NO TREE COMPUTED
83_all_igblast_seq_parse-select_clone-pass_germ-pass.tsv_shm-pass.tsv:
LESS THAN 5 SEQUENCES FOR THE CLONAL GROUP: NO TREE COMPUTED
8_all_igblast_seq_parse-select_clone-pass_germ-pass.tsv_shm-pass.tsv:
LESS THAN 5 SEQUENCES FOR THE CLONAL GROUP: NO TREE COMPUTED
71_all_igblast_seq_parse-select_clone-pass_germ-pass.tsv_shm-pass.tsv:
LESS THAN 5 SEQUENCES FOR THE CLONAL GROUP: NO TREE COMPUTED
2_all_igblast_seq_parse-select_clone-pass_germ-pass.tsv_shm-pass.tsv:
LESS THAN 5 SEQUENCES FOR THE CLONAL GROUP: NO TREE COMPUTED
45_all_igblast_seq_parse-select_clone-pass_germ-pass.tsv_shm-pass.tsv:
Warning message:
In buildIgphyml(data, igphyml = exec, temp_path = file.path(dir,  :
  Dowser igphyml doesn't mask split codons!
58_all_igblast_seq_parse-select_clone-pass_germ-pass.tsv_shm-pass.tsv:
LESS THAN 5 SEQUENCES FOR THE CLONAL GROUP: NO TREE COMPUTED
132_all_igblast_seq_parse-select_clone-pass_germ-pass.tsv_shm-pass.tsv:
LESS THAN 5 SEQUENCES FOR THE CLONAL GROUP: NO TREE COMPUTED
129_all_igblast_seq_parse-select_clone-pass_germ-pass.tsv_shm-pass.tsv:
LESS THAN 5 SEQUENCES FOR THE CLONAL GROUP: NO TREE COMPUTED
117_all_igblast_seq_parse-select_clone-pass_germ-pass.tsv_shm-pass.tsv:
LESS THAN 5 SEQUENCES FOR THE CLONAL GROUP: NO TREE COMPUTED
